{"meta": {"format": 3, "version": "7.13.5", "timestamp": "2026-04-06T23:42:00.182915", "branch_coverage": false, "show_contexts": false}, "files": {"src/__init__.py": {"executed_lines": [5], "summary": {"covered_lines": 1, "num_statements": 1, "percent_covered": 100.0, "percent_covered_display": "100", "missing_lines": 0, "excluded_lines": 0, "percent_statements_covered": 100.0, "percent_statements_covered_display": "100"}, "missing_lines": [], "excluded_lines": [], "functions": {"": {"executed_lines": [5], "summary": {"covered_lines": 1, "num_statements": 1, "percent_covered": 100.0, "percent_covered_display": "100", "missing_lines": 0, "excluded_lines": 0, "percent_statements_covered": 100.0, "percent_statements_covered_display": "100"}, "missing_lines": [], "excluded_lines": [], "start_line": 1}}, "classes": {"": {"executed_lines": [5], "summary": {"covered_lines": 1, "num_statements": 1, "percent_covered": 100.0, "percent_covered_display": "100", "missing_lines": 0, "excluded_lines": 0, "percent_statements_covered": 100.0, "percent_statements_covered_display": "100"}, "missing_lines": [], "excluded_lines": [], "start_line": 1}}}, "src/agents/__init__.py": {"executed_lines": [2, 3, 4, 5, 6, 7, 8, 9, 10, 12], "summary": {"covered_lines": 10, "num_statements": 10, "percent_covered": 100.0, "percent_covered_display": "100", "missing_lines": 0, "excluded_lines": 0, "percent_statements_covered": 100.0, "percent_statements_covered_display": "100"}, "missing_lines": [], "excluded_lines": [], "functions": {"": {"executed_lines": [2, 3, 4, 5, 6, 7, 8, 9, 10, 12], "summary": {"covered_lines": 10, "num_statements": 10, "percent_covered": 100.0, "percent_covered_display": "100", "missing_lines": 0, "excluded_lines": 0, "percent_statements_covered": 100.0, "percent_statements_covered_display": "100"}, "missing_lines": [], "excluded_lines": [], "start_line": 1}}, "classes": {"": {"executed_lines": [2, 3, 4, 5, 6, 7, 8, 9, 10, 12], "summary": {"covered_lines": 10, "num_statements": 10, "percent_covered": 100.0, "percent_covered_display": "100", "missing_lines": 0, "excluded_lines": 0, "percent_statements_covered": 100.0, "percent_statements_covered_display": "100"}, "missing_lines": [], "excluded_lines": [], "start_line": 1}}}, "src/agents/base.py": {"executed_lines": [2, 3, 4, 6, 7, 8, 15, 16, 17, 18, 26, 29, 32, 51, 53, 59, 60, 61, 64, 65, 68, 69, 70, 73, 74, 75, 77, 79, 81, 82, 83, 87, 94, 96, 97, 104, 112, 114, 115, 116, 118, 119, 122, 123, 124, 127, 129, 130, 131, 132, 134, 135, 136, 137, 139, 145, 160, 161, 163, 164, 173, 175, 178, 181, 185, 186, 187, 188, 194, 195, 197, 207, 208, 209, 211, 220, 221, 227, 228], "summary": {"covered_lines": 79, "num_statements": 100, "percent_covered": 79.0, "percent_covered_display": "79", "missing_lines": 21, "excluded_lines": 0, "percent_statements_covered": 79.0, "percent_statements_covered_display": "79"}, "missing_lines": [85, 89, 98, 99, 100, 101, 102, 120, 140, 141, 142, 143, 170, 171, 182, 191, 192, 223, 224, 225, 230], "excluded_lines": [], "functions": {"BaseAgent.__init__": {"executed_lines": [51, 53, 59, 60, 61, 64, 65, 68, 69, 70, 73, 74, 75], "summary": {"covered_lines": 13, "num_statements": 13, "percent_covered": 100.0, "percent_covered_display": "100", "missing_lines": 0, "excluded_lines": 0, "percent_statements_covered": 100.0, "percent_statements_covered_display": "100"}, "missing_lines": [], "excluded_lines": [], "start_line": 32}, "BaseAgent._setup_logger": {"executed_lines": [79], "summary": {"covered_lines": 1, "num_statements": 1, "percent_covered": 100.0, "percent_covered_display": "100", "missing_lines": 0, "excluded_lines": 0, "percent_statements_covered": 100.0, "percent_statements_covered_display": "100"}, "missing_lines": [], "excluded_lines": [], "start_line": 77}, "BaseAgent.name": {"executed_lines": [], "summary": {"covered_lines": 0, "num_statements": 1, "percent_covered": 0.0, "percent_covered_display": "0", "missing_lines": 1, "excluded_lines": 0, "percent_statements_covered": 0.0, "percent_statements_covered_display": "0"}, "missing_lines": [85], "excluded_lines": [], "start_line": 83}, "BaseAgent.add_to_memory": {"executed_lines": [], "summary": {"covered_lines": 0, "num_statements": 1, "percent_covered": 0.0, "percent_covered_display": "0", "missing_lines": 1, "excluded_lines": 0, "percent_statements_covered": 0.0, "percent_statements_covered_display": "0"}, "missing_lines": [89], "excluded_lines": [], "start_line": 87}, "BaseAgent.get_memory_context": {"executed_lines": [96, 97], "summary": {"covered_lines": 2, "num_statements": 7, "percent_covered": 28.571428571428573, "percent_covered_display": "29", "missing_lines": 5, "excluded_lines": 0, "percent_statements_covered": 28.571428571428573, "percent_statements_covered_display": "29"}, "missing_lines": [98, 99, 100, 101, 102], "excluded_lines": [], "start_line": 94}, "BaseAgent._call_llm": {"executed_lines": [114, 115, 116, 118, 119, 122, 123, 124, 127, 129, 130, 131, 132, 134, 135, 136, 137, 139], "summary": {"covered_lines": 18, "num_statements": 23, "percent_covered": 78.26086956521739, "percent_covered_display": "78", "missing_lines": 5, "excluded_lines": 0, "percent_statements_covered": 78.26086956521739, "percent_statements_covered_display": "78"}, "missing_lines": [120, 140, 141, 142, 143], "excluded_lines": [], "start_line": 112}, "BaseAgent.run_with_degradation": {"executed_lines": [160, 163, 164, 173, 175, 178, 181, 185, 186, 187, 188, 194, 195], "summary": {"covered_lines": 13, "num_statements": 18, "percent_covered": 72.22222222222223, "percent_covered_display": "72", "missing_lines": 5, "excluded_lines": 0, "percent_statements_covered": 72.22222222222223, "percent_statements_covered_display": "72"}, "missing_lines": [170, 171, 182, 191, 192], "excluded_lines": [], "start_line": 145}, "BaseAgent.run_with_degradation.run_agent": {"executed_lines": [161], "summary": {"covered_lines": 1, "num_statements": 1, "percent_covered": 100.0, "percent_covered_display": "100", "missing_lines": 0, "excluded_lines": 0, "percent_statements_covered": 100.0, "percent_statements_covered_display": "100"}, "missing_lines": [], "excluded_lines": [], "start_line": 160}, "BaseAgent._collect_competitor_data": {"executed_lines": [207, 208, 209, 211, 220, 221], "summary": {"covered_lines": 6, "num_statements": 9, "percent_covered": 66.66666666666667, "percent_covered_display": "67", "missing_lines": 3, "excluded_lines": 0, "percent_statements_covered": 66.66666666666667, "percent_statements_covered_display": "67"}, "missing_lines": [223, 224, 225], "excluded_lines": [], "start_line": 197}, "BaseAgent.run": {"executed_lines": [], "summary": {"covered_lines": 0, "num_statements": 1, "percent_covered": 0.0, "percent_covered_display": "0", "missing_lines": 1, "excluded_lines": 0, "percent_statements_covered": 0.0, "percent_statements_covered_display": "0"}, "missing_lines": [230], "excluded_lines": [], "start_line": 228}, "": {"executed_lines": [2, 3, 4, 6, 7, 8, 15, 16, 17, 18, 26, 29, 32, 77, 81, 82, 83, 87, 94, 104, 112, 145, 197, 227, 228], "summary": {"covered_lines": 25, "num_statements": 25, "percent_covered": 100.0, "percent_covered_display": "100", "missing_lines": 0, "excluded_lines": 0, "percent_statements_covered": 100.0, "percent_statements_covered_display": "100"}, "missing_lines": [], "excluded_lines": [], "start_line": 1}}, "classes": {"BaseAgent": {"executed_lines": [51, 53, 59, 60, 61, 64, 65, 68, 69, 70, 73, 74, 75, 79, 96, 97, 114, 115, 116, 118, 119, 122, 123, 124, 127, 129, 130, 131, 132, 134, 135, 136, 137, 139, 160, 161, 163, 164, 173, 175, 178, 181, 185, 186, 187, 188, 194, 195, 207, 208, 209, 211, 220, 221], "summary": {"covered_lines": 54, "num_statements": 75, "percent_covered": 72.0, "percent_covered_display": "72", "missing_lines": 21, "excluded_lines": 0, "percent_statements_covered": 72.0, "percent_statements_covered_display": "72"}, "missing_lines": [85, 89, 98, 99, 100, 101, 102, 120, 140, 141, 142, 143, 170, 171, 182, 191, 192, 223, 224, 225, 230], "excluded_lines": [], "start_line": 29}, "": {"executed_lines": [2, 3, 4, 6, 7, 8, 15, 16, 17, 18, 26, 29, 32, 77, 81, 82, 83, 87, 94, 104, 112, 145, 197, 227, 228], "summary": {"covered_lines": 25, "num_statements": 25, "percent_covered": 100.0, "percent_covered_display": "100", "missing_lines": 0, "excluded_lines": 0, "percent_statements_covered": 100.0, "percent_statements_covered_display": "100"}, "missing_lines": [], "excluded_lines": [], "start_line": 1}}}, "src/agents/business.py": {"executed_lines": [2, 4, 7, 10, 11, 14], "summary": {"covered_lines": 6, "num_statements": 16, "percent_covered": 37.5, "percent_covered_display": "38", "missing_lines": 10, "excluded_lines": 0, "percent_statements_covered": 37.5, "percent_statements_covered_display": "38"}, "missing_lines": [12, 15, 16, 17, 18, 20, 40, 41, 42, 43], "excluded_lines": [], "functions": {"BusinessModeler.name": {"executed_lines": [], "summary": {"covered_lines": 0, "num_statements": 1, "percent_covered": 0.0, "percent_covered_display": "0", "missing_lines": 1, "excluded_lines": 0, "percent_statements_covered": 0.0, "percent_statements_covered_display": "0"}, "missing_lines": [12], "excluded_lines": [], "start_line": 11}, "BusinessModeler.run": {"executed_lines": [], "summary": {"covered_lines": 0, "num_statements": 9, "percent_covered": 0.0, "percent_covered_display": "0", "missing_lines": 9, "excluded_lines": 0, "percent_statements_covered": 0.0, "percent_statements_covered_display": "0"}, "missing_lines": [15, 16, 17, 18, 20, 40, 41, 42, 43], "excluded_lines": [], "start_line": 14}, "": {"executed_lines": [2, 4, 7, 10, 11, 14], "summary": {"covered_lines": 6, "num_statements": 6, "percent_covered": 100.0, "percent_covered_display": "100", "missing_lines": 0, "excluded_lines": 0, "percent_statements_covered": 100.0, "percent_statements_covered_display": "100"}, "missing_lines": [], "excluded_lines": [], "start_line": 1}}, "classes": {"BusinessModeler": {"executed_lines": [], "summary": {"covered_lines": 0, "num_statements": 10, "percent_covered": 0.0, "percent_covered_display": "0", "missing_lines": 10, "excluded_lines": 0, "percent_statements_covered": 0.0, "percent_statements_covered_display": "0"}, "missing_lines": [12, 15, 16, 17, 18, 20, 40, 41, 42, 43], "excluded_lines": [], "start_line": 7}, "": {"executed_lines": [2, 4, 7, 10, 11, 14], "summary": {"covered_lines": 6, "num_statements": 6, "percent_covered": 100.0, "percent_covered_display": "100", "missing_lines": 0, "excluded_lines": 0, "percent_statements_covered": 100.0, "percent_statements_covered_display": "100"}, "missing_lines": [], "excluded_lines": [], "start_line": 1}}}, "src/agents/designer.py": {"executed_lines": [2, 3, 6, 9, 10, 13], "summary": {"covered_lines": 6, "num_statements": 15, "percent_covered": 40.0, "percent_covered_display": "40", "missing_lines": 9, "excluded_lines": 0, "percent_statements_covered": 40.0, "percent_statements_covered_display": "40"}, "missing_lines": [11, 14, 15, 16, 18, 32, 33, 34, 35], "excluded_lines": [], "functions": {"ChiefDesigner.name": {"executed_lines": [], "summary": {"covered_lines": 0, "num_statements": 1, "percent_covered": 0.0, "percent_covered_display": "0", "missing_lines": 1, "excluded_lines": 0, "percent_statements_covered": 0.0, "percent_statements_covered_display": "0"}, "missing_lines": [11], "excluded_lines": [], "start_line": 10}, "ChiefDesigner.run": {"executed_lines": [], "summary": {"covered_lines": 0, "num_statements": 8, "percent_covered": 0.0, "percent_covered_display": "0", "missing_lines": 8, "excluded_lines": 0, "percent_statements_covered": 0.0, "percent_statements_covered_display": "0"}, "missing_lines": [14, 15, 16, 18, 32, 33, 34, 35], "excluded_lines": [], "start_line": 13}, "": {"executed_lines": [2, 3, 6, 9, 10, 13], "summary": {"covered_lines": 6, "num_statements": 6, "percent_covered": 100.0, "percent_covered_display": "100", "missing_lines": 0, "excluded_lines": 0, "percent_statements_covered": 100.0, "percent_statements_covered_display": "100"}, "missing_lines": [], "excluded_lines": [], "start_line": 1}}, "classes": {"ChiefDesigner": {"executed_lines": [], "summary": {"covered_lines": 0, "num_statements": 9, "percent_covered": 0.0, "percent_covered_display": "0", "missing_lines": 9, "excluded_lines": 0, "percent_statements_covered": 0.0, "percent_statements_covered_display": "0"}, "missing_lines": [11, 14, 15, 16, 18, 32, 33, 34, 35], "excluded_lines": [], "start_line": 6}, "": {"executed_lines": [2, 3, 6, 9, 10, 13], "summary": {"covered_lines": 6, "num_statements": 6, "percent_covered": 100.0, "percent_covered_display": "100", "missing_lines": 0, "excluded_lines": 0, "percent_statements_covered": 100.0, "percent_statements_covered_display": "100"}, "missing_lines": [], "excluded_lines": [], "start_line": 1}}}, "src/agents/finance.py": {"executed_lines": [2, 4, 7, 10, 11, 14], "summary": {"covered_lines": 6, "num_statements": 16, "percent_covered": 37.5, "percent_covered_display": "38", "missing_lines": 10, "excluded_lines": 0, "percent_statements_covered": 37.5, "percent_statements_covered_display": "38"}, "missing_lines": [12, 15, 16, 17, 18, 20, 40, 41, 42, 43], "excluded_lines": [], "functions": {"FinancePlanner.name": {"executed_lines": [], "summary": {"covered_lines": 0, "num_statements": 1, "percent_covered": 0.0, "percent_covered_display": "0", "missing_lines": 1, "excluded_lines": 0, "percent_statements_covered": 0.0, "percent_statements_covered_display": "0"}, "missing_lines": [12], "excluded_lines": [], "start_line": 11}, "FinancePlanner.run": {"executed_lines": [], "summary": {"covered_lines": 0, "num_statements": 9, "percent_covered": 0.0, "percent_covered_display": "0", "missing_lines": 9, "excluded_lines": 0, "percent_statements_covered": 0.0, "percent_statements_covered_display": "0"}, "missing_lines": [15, 16, 17, 18, 20, 40, 41, 42, 43], "excluded_lines": [], "start_line": 14}, "": {"executed_lines": [2, 4, 7, 10, 11, 14], "summary": {"covered_lines": 6, "num_statements": 6, "percent_covered": 100.0, "percent_covered_display": "100", "missing_lines": 0, "excluded_lines": 0, "percent_statements_covered": 100.0, "percent_statements_covered_display": "100"}, "missing_lines": [], "excluded_lines": [], "start_line": 1}}, "classes": {"FinancePlanner": {"executed_lines": [], "summary": {"covered_lines": 0, "num_statements": 10, "percent_covered": 0.0, "percent_covered_display": "0", "missing_lines": 10, "excluded_lines": 0, "percent_statements_covered": 0.0, "percent_statements_covered_display": "0"}, "missing_lines": [12, 15, 16, 17, 18, 20, 40, 41, 42, 43], "excluded_lines": [], "start_line": 7}, "": {"executed_lines": [2, 4, 7, 10, 11, 14], "summary": {"covered_lines": 6, "num_statements": 6, "percent_covered": 100.0, "percent_covered_display": "100", "missing_lines": 0, "excluded_lines": 0, "percent_statements_covered": 100.0, "percent_statements_covered_display": "100"}, "missing_lines": [], "excluded_lines": [], "start_line": 1}}}, "src/agents/market.py": {"executed_lines": [2, 4, 5, 8, 11, 19, 23, 25, 26, 27, 29, 30, 31, 34, 35, 36, 37, 38, 46, 48, 49, 50, 51, 53, 55, 60, 64, 66, 75], "summary": {"covered_lines": 29, "num_statements": 35, "percent_covered": 82.85714285714286, "percent_covered_display": "83", "missing_lines": 6, "excluded_lines": 0, "percent_statements_covered": 82.85714285714286, "percent_statements_covered_display": "83"}, "missing_lines": [39, 40, 41, 43, 61, 62], "excluded_lines": [], "functions": {"MarketResearcher.__init__": {"executed_lines": [19, 23], "summary": {"covered_lines": 2, "num_statements": 2, "percent_covered": 100.0, "percent_covered_display": "100", "missing_lines": 0, "excluded_lines": 0, "percent_statements_covered": 100.0, "percent_statements_covered_display": "100"}, "missing_lines": [], "excluded_lines": [], "start_line": 11}, "MarketResearcher.name": {"executed_lines": [27], "summary": {"covered_lines": 1, "num_statements": 1, "percent_covered": 100.0, "percent_covered_display": "100", "missing_lines": 0, "excluded_lines": 0, "percent_statements_covered": 100.0, "percent_statements_covered_display": "100"}, "missing_lines": [], "excluded_lines": [], "start_line": 26}, "MarketResearcher.run": {"executed_lines": [30, 31, 34, 35, 36, 37, 38, 46, 48, 49, 50, 51], "summary": {"covered_lines": 12, "num_statements": 16, "percent_covered": 75.0, "percent_covered_display": "75", "missing_lines": 4, "excluded_lines": 0, "percent_statements_covered": 75.0, "percent_statements_covered_display": "75"}, "missing_lines": [39, 40, 41, 43], "excluded_lines": [], "start_line": 29}, "MarketResearcher._build_research_prompt": {"executed_lines": [55, 60, 64, 66, 75], "summary": {"covered_lines": 5, "num_statements": 7, "percent_covered": 71.42857142857143, "percent_covered_display": "71", "missing_lines": 2, "excluded_lines": 0, "percent_statements_covered": 71.42857142857143, "percent_statements_covered_display": "71"}, "missing_lines": [61, 62], "excluded_lines": [], "start_line": 53}, "": {"executed_lines": [2, 4, 5, 8, 11, 25, 26, 29, 53], "summary": {"covered_lines": 9, "num_statements": 9, "percent_covered": 100.0, "percent_covered_display": "100", "missing_lines": 0, "excluded_lines": 0, "percent_statements_covered": 100.0, "percent_statements_covered_display": "100"}, "missing_lines": [], "excluded_lines": [], "start_line": 1}}, "classes": {"MarketResearcher": {"executed_lines": [19, 23, 27, 30, 31, 34, 35, 36, 37, 38, 46, 48, 49, 50, 51, 55, 60, 64, 66, 75], "summary": {"covered_lines": 20, "num_statements": 26, "percent_covered": 76.92307692307692, "percent_covered_display": "77", "missing_lines": 6, "excluded_lines": 0, "percent_statements_covered": 76.92307692307692, "percent_statements_covered_display": "77"}, "missing_lines": [39, 40, 41, 43, 61, 62], "excluded_lines": [], "start_line": 8}, "": {"executed_lines": [2, 4, 5, 8, 11, 25, 26, 29, 53], "summary": {"covered_lines": 9, "num_statements": 9, "percent_covered": 100.0, "percent_covered_display": "100", "missing_lines": 0, "excluded_lines": 0, "percent_statements_covered": 100.0, "percent_statements_covered_display": "100"}, "missing_lines": [], "excluded_lines": [], "start_line": 1}}}, "src/agents/marketing.py": {"executed_lines": [2, 3, 6, 9, 10, 13], "summary": {"covered_lines": 6, "num_statements": 15, "percent_covered": 40.0, "percent_covered_display": "40", "missing_lines": 9, "excluded_lines": 0, "percent_statements_covered": 40.0, "percent_statements_covered_display": "40"}, "missing_lines": [11, 14, 15, 16, 18, 32, 33, 34, 35], "excluded_lines": [], "functions": {"ContentStrategist.name": {"executed_lines": [], "summary": {"covered_lines": 0, "num_statements": 1, "percent_covered": 0.0, "percent_covered_display": "0", "missing_lines": 1, "excluded_lines": 0, "percent_statements_covered": 0.0, "percent_statements_covered_display": "0"}, "missing_lines": [11], "excluded_lines": [], "start_line": 10}, "ContentStrategist.run": {"executed_lines": [], "summary": {"covered_lines": 0, "num_statements": 8, "percent_covered": 0.0, "percent_covered_display": "0", "missing_lines": 8, "excluded_lines": 0, "percent_statements_covered": 0.0, "percent_statements_covered_display": "0"}, "missing_lines": [14, 15, 16, 18, 32, 33, 34, 35], "excluded_lines": [], "start_line": 13}, "": {"executed_lines": [2, 3, 6, 9, 10, 13], "summary": {"covered_lines": 6, "num_statements": 6, "percent_covered": 100.0, "percent_covered_display": "100", "missing_lines": 0, "excluded_lines": 0, "percent_statements_covered": 100.0, "percent_statements_covered_display": "100"}, "missing_lines": [], "excluded_lines": [], "start_line": 1}}, "classes": {"ContentStrategist": {"executed_lines": [], "summary": {"covered_lines": 0, "num_statements": 9, "percent_covered": 0.0, "percent_covered_display": "0", "missing_lines": 9, "excluded_lines": 0, "percent_statements_covered": 0.0, "percent_statements_covered_display": "0"}, "missing_lines": [11, 14, 15, 16, 18, 32, 33, 34, 35], "excluded_lines": [], "start_line": 6}, "": {"executed_lines": [2, 3, 6, 9, 10, 13], "summary": {"covered_lines": 6, "num_statements": 6, "percent_covered": 100.0, "percent_covered_display": "100", "missing_lines": 0, "excluded_lines": 0, "percent_statements_covered": 100.0, "percent_statements_covered_display": "100"}, "missing_lines": [], "excluded_lines": [], "start_line": 1}}}, "src/agents/product.py": {"executed_lines": [2, 3, 6, 9, 10, 13], "summary": {"covered_lines": 6, "num_statements": 15, "percent_covered": 40.0, "percent_covered_display": "40", "missing_lines": 9, "excluded_lines": 0, "percent_statements_covered": 40.0, "percent_statements_covered_display": "40"}, "missing_lines": [11, 14, 15, 16, 18, 33, 34, 35, 36], "excluded_lines": [], "functions": {"ProductManager.name": {"executed_lines": [], "summary": {"covered_lines": 0, "num_statements": 1, "percent_covered": 0.0, "percent_covered_display": "0", "missing_lines": 1, "excluded_lines": 0, "percent_statements_covered": 0.0, "percent_statements_covered_display": "0"}, "missing_lines": [11], "excluded_lines": [], "start_line": 10}, "ProductManager.run": {"executed_lines": [], "summary": {"covered_lines": 0, "num_statements": 8, "percent_covered": 0.0, "percent_covered_display": "0", "missing_lines": 8, "excluded_lines": 0, "percent_statements_covered": 0.0, "percent_statements_covered_display": "0"}, "missing_lines": [14, 15, 16, 18, 33, 34, 35, 36], "excluded_lines": [], "start_line": 13}, "": {"executed_lines": [2, 3, 6, 9, 10, 13], "summary": {"covered_lines": 6, "num_statements": 6, "percent_covered": 100.0, "percent_covered_display": "100", "missing_lines": 0, "excluded_lines": 0, "percent_statements_covered": 100.0, "percent_statements_covered_display": "100"}, "missing_lines": [], "excluded_lines": [], "start_line": 1}}, "classes": {"ProductManager": {"executed_lines": [], "summary": {"covered_lines": 0, "num_statements": 9, "percent_covered": 0.0, "percent_covered_display": "0", "missing_lines": 9, "excluded_lines": 0, "percent_statements_covered": 0.0, "percent_statements_covered_display": "0"}, "missing_lines": [11, 14, 15, 16, 18, 33, 34, 35, 36], "excluded_lines": [], "start_line": 6}, "": {"executed_lines": [2, 3, 6, 9, 10, 13], "summary": {"covered_lines": 6, "num_statements": 6, "percent_covered": 100.0, "percent_covered_display": "100", "missing_lines": 0, "excluded_lines": 0, "percent_statements_covered": 100.0, "percent_statements_covered_display": "100"}, "missing_lines": [], "excluded_lines": [], "start_line": 1}}}, "src/agents/risk.py": {"executed_lines": [2, 4, 7, 10, 11, 14], "summary": {"covered_lines": 6, "num_statements": 17, "percent_covered": 35.294117647058826, "percent_covered_display": "35", "missing_lines": 11, "excluded_lines": 0, "percent_statements_covered": 35.294117647058826, "percent_statements_covered_display": "35"}, "missing_lines": [12, 15, 16, 17, 18, 19, 21, 45, 46, 47, 48], "excluded_lines": [], "functions": {"RiskAnalyst.name": {"executed_lines": [], "summary": {"covered_lines": 0, "num_statements": 1, "percent_covered": 0.0, "percent_covered_display": "0", "missing_lines": 1, "excluded_lines": 0, "percent_statements_covered": 0.0, "percent_statements_covered_display": "0"}, "missing_lines": [12], "excluded_lines": [], "start_line": 11}, "RiskAnalyst.run": {"executed_lines": [], "summary": {"covered_lines": 0, "num_statements": 10, "percent_covered": 0.0, "percent_covered_display": "0", "missing_lines": 10, "excluded_lines": 0, "percent_statements_covered": 0.0, "percent_statements_covered_display": "0"}, "missing_lines": [15, 16, 17, 18, 19, 21, 45, 46, 47, 48], "excluded_lines": [], "start_line": 14}, "": {"executed_lines": [2, 4, 7, 10, 11, 14], "summary": {"covered_lines": 6, "num_statements": 6, "percent_covered": 100.0, "percent_covered_display": "100", "missing_lines": 0, "excluded_lines": 0, "percent_statements_covered": 100.0, "percent_statements_covered_display": "100"}, "missing_lines": [], "excluded_lines": [], "start_line": 1}}, "classes": {"RiskAnalyst": {"executed_lines": [], "summary": {"covered_lines": 0, "num_statements": 11, "percent_covered": 0.0, "percent_covered_display": "0", "missing_lines": 11, "excluded_lines": 0, "percent_statements_covered": 0.0, "percent_statements_covered_display": "0"}, "missing_lines": [12, 15, 16, 17, 18, 19, 21, 45, 46, 47, 48], "excluded_lines": [], "start_line": 7}, "": {"executed_lines": [2, 4, 7, 10, 11, 14], "summary": {"covered_lines": 6, "num_statements": 6, "percent_covered": 100.0, "percent_covered_display": "100", "missing_lines": 0, "excluded_lines": 0, "percent_statements_covered": 100.0, "percent_statements_covered_display": "100"}, "missing_lines": [], "excluded_lines": [], "start_line": 1}}}, "src/agents/seo.py": {"executed_lines": [2, 3, 6, 9, 10, 13], "summary": {"covered_lines": 6, "num_statements": 15, "percent_covered": 40.0, "percent_covered_display": "40", "missing_lines": 9, "excluded_lines": 0, "percent_statements_covered": 40.0, "percent_statements_covered_display": "40"}, "missing_lines": [11, 14, 15, 16, 18, 32, 33, 34, 35], "excluded_lines": [], "functions": {"SEOExpert.name": {"executed_lines": [], "summary": {"covered_lines": 0, "num_statements": 1, "percent_covered": 0.0, "percent_covered_display": "0", "missing_lines": 1, "excluded_lines": 0, "percent_statements_covered": 0.0, "percent_statements_covered_display": "0"}, "missing_lines": [11], "excluded_lines": [], "start_line": 10}, "SEOExpert.run": {"executed_lines": [], "summary": {"covered_lines": 0, "num_statements": 8, "percent_covered": 0.0, "percent_covered_display": "0", "missing_lines": 8, "excluded_lines": 0, "percent_statements_covered": 0.0, "percent_statements_covered_display": "0"}, "missing_lines": [14, 15, 16, 18, 32, 33, 34, 35], "excluded_lines": [], "start_line": 13}, "": {"executed_lines": [2, 3, 6, 9, 10, 13], "summary": {"covered_lines": 6, "num_statements": 6, "percent_covered": 100.0, "percent_covered_display": "100", "missing_lines": 0, "excluded_lines": 0, "percent_statements_covered": 100.0, "percent_statements_covered_display": "100"}, "missing_lines": [], "excluded_lines": [], "start_line": 1}}, "classes": {"SEOExpert": {"executed_lines": [], "summary": {"covered_lines": 0, "num_statements": 9, "percent_covered": 0.0, "percent_covered_display": "0", "missing_lines": 9, "excluded_lines": 0, "percent_statements_covered": 0.0, "percent_statements_covered_display": "0"}, "missing_lines": [11, 14, 15, 16, 18, 32, 33, 34, 35], "excluded_lines": [], "start_line": 6}, "": {"executed_lines": [2, 3, 6, 9, 10, 13], "summary": {"covered_lines": 6, "num_statements": 6, "percent_covered": 100.0, "percent_covered_display": "100", "missing_lines": 0, "excluded_lines": 0, "percent_statements_covered": 100.0, "percent_statements_covered_display": "100"}, "missing_lines": [], "excluded_lines": [], "start_line": 1}}}, "src/config.py": {"executed_lines": [2, 3, 5, 8, 12, 15, 16, 17, 20, 21, 24, 25, 26, 29, 30, 33, 35, 36, 38, 44, 45, 63, 64, 66, 67, 73, 74, 79], "summary": {"covered_lines": 28, "num_statements": 37, "percent_covered": 75.67567567567568, "percent_covered_display": "76", "missing_lines": 9, "excluded_lines": 0, "percent_statements_covered": 75.67567567567568, "percent_statements_covered_display": "76"}, "missing_lines": [39, 50, 51, 57, 68, 69, 70, 71, 76], "excluded_lines": [], "functions": {"Config.get_llm_config": {"executed_lines": [38, 44, 45], "summary": {"covered_lines": 3, "num_statements": 7, "percent_covered": 42.857142857142854, "percent_covered_display": "43", "missing_lines": 4, "excluded_lines": 0, "percent_statements_covered": 42.857142857142854, "percent_statements_covered_display": "43"}, "missing_lines": [39, 50, 51, 57], "excluded_lines": [], "start_line": 36}, "Config.validate": {"executed_lines": [66, 67], "summary": {"covered_lines": 2, "num_statements": 6, "percent_covered": 33.333333333333336, "percent_covered_display": "33", "missing_lines": 4, "excluded_lines": 0, "percent_statements_covered": 33.333333333333336, "percent_statements_covered_display": "33"}, "missing_lines": [68, 69, 70, 71], "excluded_lines": [], "start_line": 64}, "Config.has_search_api": {"executed_lines": [], "summary": {"covered_lines": 0, "num_statements": 1, "percent_covered": 0.0, "percent_covered_display": "0", "missing_lines": 1, "excluded_lines": 0, "percent_statements_covered": 0.0, "percent_statements_covered_display": "0"}, "missing_lines": [76], "excluded_lines": [], "start_line": 74}, "": {"executed_lines": [2, 3, 5, 8, 12, 15, 16, 17, 20, 21, 24, 25, 26, 29, 30, 33, 35, 36, 63, 64, 73, 74, 79], "summary": {"covered_lines": 23, "num_statements": 23, "percent_covered": 100.0, "percent_covered_display": "100", "missing_lines": 0, "excluded_lines": 0, "percent_statements_covered": 100.0, "percent_statements_covered_display": "100"}, "missing_lines": [], "excluded_lines": [], "start_line": 1}}, "classes": {"Config": {"executed_lines": [38, 44, 45, 66, 67], "summary": {"covered_lines": 5, "num_statements": 14, "percent_covered": 35.714285714285715, "percent_covered_display": "36", "missing_lines": 9, "excluded_lines": 0, "percent_statements_covered": 35.714285714285715, "percent_statements_covered_display": "36"}, "missing_lines": [39, 50, 51, 57, 68, 69, 70, 71, 76], "excluded_lines": [], "start_line": 8}, "": {"executed_lines": [2, 3, 5, 8, 12, 15, 16, 17, 20, 21, 24, 25, 26, 29, 30, 33, 35, 36, 63, 64, 73, 74, 79], "summary": {"covered_lines": 23, "num_statements": 23, "percent_covered": 100.0, "percent_covered_display": "100", "missing_lines": 0, "excluded_lines": 0, "percent_statements_covered": 100.0, "percent_statements_covered_display": "100"}, "missing_lines": [], "excluded_lines": [], "start_line": 1}}}, "src/exceptions.py": {"executed_lines": [4, 6, 9, 11, 14, 16], "summary": {"covered_lines": 6, "num_statements": 6, "percent_covered": 100.0, "percent_covered_display": "100", "missing_lines": 0, "excluded_lines": 0, "percent_statements_covered": 100.0, "percent_statements_covered_display": "100"}, "missing_lines": [], "excluded_lines": [], "functions": {"": {"executed_lines": [4, 6, 9, 11, 14, 16], "summary": {"covered_lines": 6, "num_statements": 6, "percent_covered": 100.0, "percent_covered_display": "100", "missing_lines": 0, "excluded_lines": 0, "percent_statements_covered": 100.0, "percent_statements_covered_display": "100"}, "missing_lines": [], "excluded_lines": [], "start_line": 1}}, "classes": {"AgentError": {"executed_lines": [], "summary": {"covered_lines": 0, "num_statements": 0, "percent_covered": 100.0, "percent_covered_display": "100", "missing_lines": 0, "excluded_lines": 0, "percent_statements_covered": 100.0, "percent_statements_covered_display": "100"}, "missing_lines": [], "excluded_lines": [], "start_line": 4}, "LLMError": {"executed_lines": [], "summary": {"covered_lines": 0, "num_statements": 0, "percent_covered": 100.0, "percent_covered_display": "100", "missing_lines": 0, "excluded_lines": 0, "percent_statements_covered": 100.0, "percent_statements_covered_display": "100"}, "missing_lines": [], "excluded_lines": [], "start_line": 9}, "BudgetExceededError": {"executed_lines": [], "summary": {"covered_lines": 0, "num_statements": 0, "percent_covered": 100.0, "percent_covered_display": "100", "missing_lines": 0, "excluded_lines": 0, "percent_statements_covered": 100.0, "percent_statements_covered_display": "100"}, "missing_lines": [], "excluded_lines": [], "start_line": 14}, "": {"executed_lines": [4, 6, 9, 11, 14, 16], "summary": {"covered_lines": 6, "num_statements": 6, "percent_covered": 100.0, "percent_covered_display": "100", "missing_lines": 0, "excluded_lines": 0, "percent_statements_covered": 100.0, "percent_statements_covered_display": "100"}, "missing_lines": [], "excluded_lines": [], "start_line": 1}}}, "src/main.py": {"executed_lines": [], "summary": {"covered_lines": 0, "num_statements": 79, "percent_covered": 0.0, "percent_covered_display": "0", "missing_lines": 79, "excluded_lines": 0, "percent_statements_covered": 0.0, "percent_statements_covered_display": "0"}, "missing_lines": [4, 5, 6, 7, 8, 9, 11, 12, 13, 14, 16, 17, 18, 19, 20, 21, 22, 23, 24, 26, 29, 31, 34, 41, 42, 43, 46, 48, 49, 50, 53, 56, 57, 60, 61, 62, 63, 66, 124, 125, 127, 128, 131, 132, 133, 134, 136, 139, 151, 152, 154, 155, 156, 158, 159, 160, 163, 164, 166, 177, 178, 179, 180, 187, 188, 190, 193, 195, 197, 198, 199, 200, 202, 204, 216, 219, 220, 225, 227], "excluded_lines": [], "functions": {"run_agent_async": {"executed_lines": [], "summary": {"covered_lines": 0, "num_statements": 1, "percent_covered": 0.0, "percent_covered_display": "0", "missing_lines": 1, "excluded_lines": 0, "percent_statements_covered": 0.0, "percent_statements_covered_display": "0"}, "missing_lines": [31], "excluded_lines": [], "start_line": 29}, "run_agents_parallel": {"executed_lines": [], "summary": {"covered_lines": 0, "num_statements": 3, "percent_covered": 0.0, "percent_covered_display": "0", "missing_lines": 3, "excluded_lines": 0, "percent_statements_covered": 0.0, "percent_statements_covered_display": "0"}, "missing_lines": [41, 42, 43], "excluded_lines": [], "start_line": 34}, "run_agents_sequential": {"executed_lines": [], "summary": {"covered_lines": 0, "num_statements": 3, "percent_covered": 0.0, "percent_covered_display": "0", "missing_lines": 3, "excluded_lines": 0, "percent_statements_covered": 0.0, "percent_statements_covered_display": "0"}, "missing_lines": [48, 49, 50], "excluded_lines": [], "start_line": 46}, "save_to_markdown": {"executed_lines": [], "summary": {"covered_lines": 0, "num_statements": 9, "percent_covered": 0.0, "percent_covered_display": "0", "missing_lines": 9, "excluded_lines": 0, "percent_statements_covered": 0.0, "percent_statements_covered_display": "0"}, "missing_lines": [56, 57, 60, 61, 62, 63, 66, 124, 125], "excluded_lines": [], "start_line": 53}, "main": {"executed_lines": [], "summary": {"covered_lines": 0, "num_statements": 25, "percent_covered": 0.0, "percent_covered_display": "0", "missing_lines": 25, "excluded_lines": 0, "percent_statements_covered": 0.0, "percent_statements_covered_display": "0"}, "missing_lines": [128, 131, 132, 133, 134, 136, 139, 151, 152, 154, 155, 156, 158, 159, 160, 163, 164, 166, 177, 178, 179, 180, 187, 188, 190], "excluded_lines": [], "start_line": 127}, "main_async": {"executed_lines": [], "summary": {"covered_lines": 0, "num_statements": 10, "percent_covered": 0.0, "percent_covered_display": "0", "missing_lines": 10, "excluded_lines": 0, "percent_statements_covered": 0.0, "percent_statements_covered_display": "0"}, "missing_lines": [195, 197, 198, 199, 200, 202, 204, 216, 219, 220], "excluded_lines": [], "start_line": 193}, "": {"executed_lines": [], "summary": {"covered_lines": 0, "num_statements": 28, "percent_covered": 0.0, "percent_covered_display": "0", "missing_lines": 28, "excluded_lines": 0, "percent_statements_covered": 0.0, "percent_statements_covered_display": "0"}, "missing_lines": [4, 5, 6, 7, 8, 9, 11, 12, 13, 14, 16, 17, 18, 19, 20, 21, 22, 23, 24, 26, 29, 34, 46, 53, 127, 193, 225, 227], "excluded_lines": [], "start_line": 1}}, "classes": {"": {"executed_lines": [], "summary": {"covered_lines": 0, "num_statements": 79, "percent_covered": 0.0, "percent_covered_display": "0", "missing_lines": 79, "excluded_lines": 0, "percent_statements_covered": 0.0, "percent_statements_covered_display": "0"}, "missing_lines": [4, 5, 6, 7, 8, 9, 11, 12, 13, 14, 16, 17, 18, 19, 20, 21, 22, 23, 24, 26, 29, 31, 34, 41, 42, 43, 46, 48, 49, 50, 53, 56, 57, 60, 61, 62, 63, 66, 124, 125, 127, 128, 131, 132, 133, 134, 136, 139, 151, 152, 154, 155, 156, 158, 159, 160, 163, 164, 166, 177, 178, 179, 180, 187, 188, 190, 193, 195, 197, 198, 199, 200, 202, 204, 216, 219, 220, 225, 227], "excluded_lines": [], "start_line": 1}}}, "src/models.py": {"executed_lines": [], "summary": {"covered_lines": 0, "num_statements": 32, "percent_covered": 0.0, "percent_covered_display": "0", "missing_lines": 32, "excluded_lines": 0, "percent_statements_covered": 0.0, "percent_statements_covered_display": "0"}, "missing_lines": [4, 5, 8, 10, 11, 14, 16, 17, 18, 21, 23, 24, 25, 28, 30, 31, 32, 35, 37, 38, 39, 40, 43, 45, 46, 49, 51, 52, 53, 54, 55, 56], "excluded_lines": [], "functions": {"": {"executed_lines": [], "summary": {"covered_lines": 0, "num_statements": 32, "percent_covered": 0.0, "percent_covered_display": "0", "missing_lines": 32, "excluded_lines": 0, "percent_statements_covered": 0.0, "percent_statements_covered_display": "0"}, "missing_lines": [4, 5, 8, 10, 11, 14, 16, 17, 18, 21, 23, 24, 25, 28, 30, 31, 32, 35, 37, 38, 39, 40, 43, 45, 46, 49, 51, 52, 53, 54, 55, 56], "excluded_lines": [], "start_line": 1}}, "classes": {"UserInput": {"executed_lines": [], "summary": {"covered_lines": 0, "num_statements": 0, "percent_covered": 100.0, "percent_covered_display": "100", "missing_lines": 0, "excluded_lines": 0, "percent_statements_covered": 100.0, "percent_statements_covered_display": "100"}, "missing_lines": [], "excluded_lines": [], "start_line": 8}, "MarketAnalysis": {"executed_lines": [], "summary": {"covered_lines": 0, "num_statements": 0, "percent_covered": 100.0, "percent_covered_display": "100", "missing_lines": 0, "excluded_lines": 0, "percent_statements_covered": 100.0, "percent_statements_covered_display": "100"}, "missing_lines": [], "excluded_lines": [], "start_line": 14}, "ProductConcept": {"executed_lines": [], "summary": {"covered_lines": 0, "num_statements": 0, "percent_covered": 100.0, "percent_covered_display": "100", "missing_lines": 0, "excluded_lines": 0, "percent_statements_covered": 100.0, "percent_statements_covered_display": "100"}, "missing_lines": [], "excluded_lines": [], "start_line": 21}, "BrandIdentity": {"executed_lines": [], "summary": {"covered_lines": 0, "num_statements": 0, "percent_covered": 100.0, "percent_covered_display": "100", "missing_lines": 0, "excluded_lines": 0, "percent_statements_covered": 100.0, "percent_statements_covered_display": "100"}, "missing_lines": [], "excluded_lines": [], "start_line": 28}, "ContentScript": {"executed_lines": [], "summary": {"covered_lines": 0, "num_statements": 0, "percent_covered": 100.0, "percent_covered_display": "100", "missing_lines": 0, "excluded_lines": 0, "percent_statements_covered": 100.0, "percent_statements_covered_display": "100"}, "missing_lines": [], "excluded_lines": [], "start_line": 35}, "SEOKeywords": {"executed_lines": [], "summary": {"covered_lines": 0, "num_statements": 0, "percent_covered": 100.0, "percent_covered_display": "100", "missing_lines": 0, "excluded_lines": 0, "percent_statements_covered": 100.0, "percent_statements_covered_display": "100"}, "missing_lines": [], "excluded_lines": [], "start_line": 43}, "BusinessPlan": {"executed_lines": [], "summary": {"covered_lines": 0, "num_statements": 0, "percent_covered": 100.0, "percent_covered_display": "100", "missing_lines": 0, "excluded_lines": 0, "percent_statements_covered": 100.0, "percent_statements_covered_display": "100"}, "missing_lines": [], "excluded_lines": [], "start_line": 49}, "": {"executed_lines": [], "summary": {"covered_lines": 0, "num_statements": 32, "percent_covered": 0.0, "percent_covered_display": "0", "missing_lines": 32, "excluded_lines": 0, "percent_statements_covered": 0.0, "percent_statements_covered_display": "0"}, "missing_lines": [4, 5, 8, 10, 11, 14, 16, 17, 18, 21, 23, 24, 25, 28, 30, 31, 32, 35, 37, 38, 39, 40, 43, 45, 46, 49, 51, 52, 53, 54, 55, 56], "excluded_lines": [], "start_line": 1}}}, "src/tools/__init__.py": {"executed_lines": [2, 3, 4, 6], "summary": {"covered_lines": 4, "num_statements": 4, "percent_covered": 100.0, "percent_covered_display": "100", "missing_lines": 0, "excluded_lines": 0, "percent_statements_covered": 100.0, "percent_statements_covered_display": "100"}, "missing_lines": [], "excluded_lines": [], "functions": {"": {"executed_lines": [2, 3, 4, 6], "summary": {"covered_lines": 4, "num_statements": 4, "percent_covered": 100.0, "percent_covered_display": "100", "missing_lines": 0, "excluded_lines": 0, "percent_statements_covered": 100.0, "percent_statements_covered_display": "100"}, "missing_lines": [], "excluded_lines": [], "start_line": 1}}, "classes": {"": {"executed_lines": [2, 3, 4, 6], "summary": {"covered_lines": 4, "num_statements": 4, "percent_covered": 100.0, "percent_covered_display": "100", "missing_lines": 0, "excluded_lines": 0, "percent_statements_covered": 100.0, "percent_statements_covered_display": "100"}, "missing_lines": [], "excluded_lines": [], "start_line": 1}}}, "src/tools/base.py": {"executed_lines": [2, 3, 6, 9, 10, 12, 13, 17], "summary": {"covered_lines": 8, "num_statements": 10, "percent_covered": 80.0, "percent_covered_display": "80", "missing_lines": 2, "excluded_lines": 0, "percent_statements_covered": 80.0, "percent_statements_covered_display": "80"}, "missing_lines": [15, 18], "excluded_lines": [], "functions": {"BaseTool.run": {"executed_lines": [], "summary": {"covered_lines": 0, "num_statements": 1, "percent_covered": 0.0, "percent_covered_display": "0", "missing_lines": 1, "excluded_lines": 0, "percent_statements_covered": 0.0, "percent_statements_covered_display": "0"}, "missing_lines": [15], "excluded_lines": [], "start_line": 13}, "BaseTool.__str__": {"executed_lines": [], "summary": {"covered_lines": 0, "num_statements": 1, "percent_covered": 0.0, "percent_covered_display": "0", "missing_lines": 1, "excluded_lines": 0, "percent_statements_covered": 0.0, "percent_statements_covered_display": "0"}, "missing_lines": [18], "excluded_lines": [], "start_line": 17}, "": {"executed_lines": [2, 3, 6, 9, 10, 12, 13, 17], "summary": {"covered_lines": 8, "num_statements": 8, "percent_covered": 100.0, "percent_covered_display": "100", "missing_lines": 0, "excluded_lines": 0, "percent_statements_covered": 100.0, "percent_statements_covered_display": "100"}, "missing_lines": [], "excluded_lines": [], "start_line": 1}}, "classes": {"BaseTool": {"executed_lines": [], "summary": {"covered_lines": 0, "num_statements": 2, "percent_covered": 0.0, "percent_covered_display": "0", "missing_lines": 2, "excluded_lines": 0, "percent_statements_covered": 0.0, "percent_statements_covered_display": "0"}, "missing_lines": [15, 18], "excluded_lines": [], "start_line": 6}, "": {"executed_lines": [2, 3, 6, 9, 10, 12, 13, 17], "summary": {"covered_lines": 8, "num_statements": 8, "percent_covered": 100.0, "percent_covered_display": "100", "missing_lines": 0, "excluded_lines": 0, "percent_statements_covered": 100.0, "percent_statements_covered_display": "100"}, "missing_lines": [], "excluded_lines": [], "start_line": 1}}}, "src/tools/calculator.py": {"executed_lines": [2, 3, 6, 9, 10, 12], "summary": {"covered_lines": 6, "num_statements": 14, "percent_covered": 42.857142857142854, "percent_covered_display": "43", "missing_lines": 8, "excluded_lines": 0, "percent_statements_covered": 42.857142857142854, "percent_statements_covered_display": "43"}, "missing_lines": [17, 19, 20, 21, 23, 24, 29, 30], "excluded_lines": [], "functions": {"CalculatorTool.run": {"executed_lines": [], "summary": {"covered_lines": 0, "num_statements": 8, "percent_covered": 0.0, "percent_covered_display": "0", "missing_lines": 8, "excluded_lines": 0, "percent_statements_covered": 0.0, "percent_statements_covered_display": "0"}, "missing_lines": [17, 19, 20, 21, 23, 24, 29, 30], "excluded_lines": [], "start_line": 12}, "": {"executed_lines": [2, 3, 6, 9, 10, 12], "summary": {"covered_lines": 6, "num_statements": 6, "percent_covered": 100.0, "percent_covered_display": "100", "missing_lines": 0, "excluded_lines": 0, "percent_statements_covered": 100.0, "percent_statements_covered_display": "100"}, "missing_lines": [], "excluded_lines": [], "start_line": 1}}, "classes": {"CalculatorTool": {"executed_lines": [], "summary": {"covered_lines": 0, "num_statements": 8, "percent_covered": 0.0, "percent_covered_display": "0", "missing_lines": 8, "excluded_lines": 0, "percent_statements_covered": 0.0, "percent_statements_covered_display": "0"}, "missing_lines": [17, 19, 20, 21, 23, 24, 29, 30], "excluded_lines": [], "start_line": 6}, "": {"executed_lines": [2, 3, 6, 9, 10, 12], "summary": {"covered_lines": 6, "num_statements": 6, "percent_covered": 100.0, "percent_covered_display": "100", "missing_lines": 0, "excluded_lines": 0, "percent_statements_covered": 100.0, "percent_statements_covered_display": "100"}, "missing_lines": [], "excluded_lines": [], "start_line": 1}}}, "src/tools/search.py": {"executed_lines": [2, 3, 4, 6, 9, 12, 13, 15, 22, 23, 25, 45, 74, 94, 97, 98, 100, 103, 126], "summary": {"covered_lines": 19, "num_statements": 48, "percent_covered": 39.583333333333336, "percent_covered_display": "40", "missing_lines": 29, "excluded_lines": 0, "percent_statements_covered": 39.583333333333336, "percent_statements_covered_display": "40"}, "missing_lines": [36, 37, 38, 40, 41, 42, 43, 47, 49, 50, 54, 56, 57, 58, 60, 61, 62, 68, 76, 78, 79, 80, 81, 87, 101, 114, 121, 122, 128], "excluded_lines": [], "functions": {"WebSearchTool.__init__": {"executed_lines": [22, 23], "summary": {"covered_lines": 2, "num_statements": 2, "percent_covered": 100.0, "percent_covered_display": "100", "missing_lines": 0, "excluded_lines": 0, "percent_statements_covered": 100.0, "percent_statements_covered_display": "100"}, "missing_lines": [], "excluded_lines": [], "start_line": 15}, "WebSearchTool.run": {"executed_lines": [], "summary": {"covered_lines": 0, "num_statements": 7, "percent_covered": 0.0, "percent_covered_display": "0", "missing_lines": 7, "excluded_lines": 0, "percent_statements_covered": 0.0, "percent_statements_covered_display": "0"}, "missing_lines": [36, 37, 38, 40, 41, 42, 43], "excluded_lines": [], "start_line": 25}, "WebSearchTool._search_serper": {"executed_lines": [], "summary": {"covered_lines": 0, "num_statements": 11, "percent_covered": 0.0, "percent_covered_display": "0", "missing_lines": 11, "excluded_lines": 0, "percent_statements_covered": 0.0, "percent_statements_covered_display": "0"}, "missing_lines": [47, 49, 50, 54, 56, 57, 58, 60, 61, 62, 68], "excluded_lines": [], "start_line": 45}, "WebSearchTool._search_duckduckgo": {"executed_lines": [], "summary": {"covered_lines": 0, "num_statements": 6, "percent_covered": 0.0, "percent_covered_display": "0", "missing_lines": 6, "excluded_lines": 0, "percent_statements_covered": 0.0, "percent_statements_covered_display": "0"}, "missing_lines": [76, 78, 79, 80, 81, 87], "excluded_lines": [], "start_line": 74}, "MarketSearchTool.__init__": {"executed_lines": [], "summary": {"covered_lines": 0, "num_statements": 1, "percent_covered": 0.0, "percent_covered_display": "0", "missing_lines": 1, "excluded_lines": 0, "percent_statements_covered": 0.0, "percent_statements_covered_display": "0"}, "missing_lines": [101], "excluded_lines": [], "start_line": 100}, "MarketSearchTool.run": {"executed_lines": [], "summary": {"covered_lines": 0, "num_statements": 3, "percent_covered": 0.0, "percent_covered_display": "0", "missing_lines": 3, "excluded_lines": 0, "percent_statements_covered": 0.0, "percent_statements_covered_display": "0"}, "missing_lines": [114, 121, 122], "excluded_lines": [], "start_line": 103}, "get_search_tool": {"executed_lines": [], "summary": {"covered_lines": 0, "num_statements": 1, "percent_covered": 0.0, "percent_covered_display": "0", "missing_lines": 1, "excluded_lines": 0, "percent_statements_covered": 0.0, "percent_statements_covered_display": "0"}, "missing_lines": [128], "excluded_lines": [], "start_line": 126}, "": {"executed_lines": [2, 3, 4, 6, 9, 12, 13, 15, 25, 45, 74, 94, 97, 98, 100, 103, 126], "summary": {"covered_lines": 17, "num_statements": 17, "percent_covered": 100.0, "percent_covered_display": "100", "missing_lines": 0, "excluded_lines": 0, "percent_statements_covered": 100.0, "percent_statements_covered_display": "100"}, "missing_lines": [], "excluded_lines": [], "start_line": 1}}, "classes": {"WebSearchTool": {"executed_lines": [22, 23], "summary": {"covered_lines": 2, "num_statements": 26, "percent_covered": 7.6923076923076925, "percent_covered_display": "8", "missing_lines": 24, "excluded_lines": 0, "percent_statements_covered": 7.6923076923076925, "percent_statements_covered_display": "8"}, "missing_lines": [36, 37, 38, 40, 41, 42, 43, 47, 49, 50, 54, 56, 57, 58, 60, 61, 62, 68, 76, 78, 79, 80, 81, 87], "excluded_lines": [], "start_line": 9}, "MarketSearchTool": {"executed_lines": [], "summary": {"covered_lines": 0, "num_statements": 4, "percent_covered": 0.0, "percent_covered_display": "0", "missing_lines": 4, "excluded_lines": 0, "percent_statements_covered": 0.0, "percent_statements_covered_display": "0"}, "missing_lines": [101, 114, 121, 122], "excluded_lines": [], "start_line": 94}, "": {"executed_lines": [2, 3, 4, 6, 9, 12, 13, 15, 25, 45, 74, 94, 97, 98, 100, 103, 126], "summary": {"covered_lines": 17, "num_statements": 18, "percent_covered": 94.44444444444444, "percent_covered_display": "94", "missing_lines": 1, "excluded_lines": 0, "percent_statements_covered": 94.44444444444444, "percent_statements_covered_display": "94"}, "missing_lines": [128], "excluded_lines": [], "start_line": 1}}}, "src/ui/__init__.py": {"executed_lines": [], "summary": {"covered_lines": 0, "num_statements": 0, "percent_covered": 100.0, "percent_covered_display": "100", "missing_lines": 0, "excluded_lines": 0, "percent_statements_covered": 100.0, "percent_statements_covered_display": "100"}, "missing_lines": [], "excluded_lines": [], "functions": {"": {"executed_lines": [], "summary": {"covered_lines": 0, "num_statements": 0, "percent_covered": 100.0, "percent_covered_display": "100", "missing_lines": 0, "excluded_lines": 0, "percent_statements_covered": 100.0, "percent_statements_covered_display": "100"}, "missing_lines": [], "excluded_lines": [], "start_line": 1}}, "classes": {"": {"executed_lines": [], "summary": {"covered_lines": 0, "num_statements": 0, "percent_covered": 100.0, "percent_covered_display": "100", "missing_lines": 0, "excluded_lines": 0, "percent_statements_covered": 100.0, "percent_statements_covered_display": "100"}, "missing_lines": [], "excluded_lines": [], "start_line": 1}}}, "src/ui/app.py": {"executed_lines": [], "summary": {"covered_lines": 0, "num_statements": 79, "percent_covered": 0.0, "percent_covered_display": "0", "missing_lines": 79, "excluded_lines": 0, "percent_statements_covered": 0.0, "percent_statements_covered_display": "0"}, "missing_lines": [5, 6, 7, 9, 10, 12, 13, 14, 15, 16, 17, 18, 19, 20, 23, 25, 26, 27, 28, 29, 30, 33, 34, 40, 43, 44, 45, 48, 49, 50, 51, 53, 54, 56, 58, 59, 60, 68, 70, 72, 73, 79, 80, 81, 82, 85, 86, 87, 88, 91, 103, 104, 107, 108, 109, 110, 111, 113, 114, 117, 118, 119, 121, 132, 143, 144, 145, 146, 147, 149, 152, 153, 155, 156, 157, 161, 162, 165, 166], "excluded_lines": [], "functions": {"init_session_state": {"executed_lines": [], "summary": {"covered_lines": 0, "num_statements": 6, "percent_covered": 0.0, "percent_covered_display": "0", "missing_lines": 6, "excluded_lines": 0, "percent_statements_covered": 0.0, "percent_statements_covered_display": "0"}, "missing_lines": [25, 26, 27, 28, 29, 30], "excluded_lines": [], "start_line": 23}, "main": {"executed_lines": [], "summary": {"covered_lines": 0, "num_statements": 55, "percent_covered": 0.0, "percent_covered_display": "0", "missing_lines": 55, "excluded_lines": 0, "percent_statements_covered": 0.0, "percent_statements_covered_display": "0"}, "missing_lines": [34, 40, 43, 44, 45, 48, 49, 50, 51, 53, 54, 56, 58, 59, 60, 68, 70, 72, 73, 79, 80, 81, 82, 85, 86, 87, 88, 91, 103, 104, 107, 108, 109, 110, 111, 113, 114, 117, 118, 119, 121, 132, 143, 144, 145, 146, 147, 149, 152, 153, 155, 156, 157, 161, 162], "excluded_lines": [], "start_line": 33}, "": {"executed_lines": [], "summary": {"covered_lines": 0, "num_statements": 18, "percent_covered": 0.0, "percent_covered_display": "0", "missing_lines": 18, "excluded_lines": 0, "percent_statements_covered": 0.0, "percent_statements_covered_display": "0"}, "missing_lines": [5, 6, 7, 9, 10, 12, 13, 14, 15, 16, 17, 18, 19, 20, 23, 33, 165, 166], "excluded_lines": [], "start_line": 1}}, "classes": {"": {"executed_lines": [], "summary": {"covered_lines": 0, "num_statements": 79, "percent_covered": 0.0, "percent_covered_display": "0", "missing_lines": 79, "excluded_lines": 0, "percent_statements_covered": 0.0, "percent_statements_covered_display": "0"}, "missing_lines": [5, 6, 7, 9, 10, 12, 13, 14, 15, 16, 17, 18, 19, 20, 23, 25, 26, 27, 28, 29, 30, 33, 34, 40, 43, 44, 45, 48, 49, 50, 51, 53, 54, 56, 58, 59, 60, 68, 70, 72, 73, 79, 80, 81, 82, 85, 86, 87, 88, 91, 103, 104, 107, 108, 109, 110, 111, 113, 114, 117, 118, 119, 121, 132, 143, 144, 145, 146, 147, 149, 152, 153, 155, 156, 157, 161, 162, 165, 166], "excluded_lines": [], "start_line": 1}}}, "src/utils/__init__.py": {"executed_lines": [2, 3, 11, 19], "summary": {"covered_lines": 4, "num_statements": 4, "percent_covered": 100.0, "percent_covered_display": "100", "missing_lines": 0, "excluded_lines": 0, "percent_statements_covered": 100.0, "percent_statements_covered_display": "100"}, "missing_lines": [], "excluded_lines": [], "functions": {"": {"executed_lines": [2, 3, 11, 19], "summary": {"covered_lines": 4, "num_statements": 4, "percent_covered": 100.0, "percent_covered_display": "100", "missing_lines": 0, "excluded_lines": 0, "percent_statements_covered": 100.0, "percent_statements_covered_display": "100"}, "missing_lines": [], "excluded_lines": [], "start_line": 1}}, "classes": {"": {"executed_lines": [2, 3, 11, 19], "summary": {"covered_lines": 4, "num_statements": 4, "percent_covered": 100.0, "percent_covered_display": "100", "missing_lines": 0, "excluded_lines": 0, "percent_statements_covered": 100.0, "percent_statements_covered_display": "100"}, "missing_lines": [], "excluded_lines": [], "start_line": 1}}}, "src/utils/agent_parallel.py": {"executed_lines": [2, 3, 4, 5, 6, 8, 13, 26, 29, 30, 33, 34, 35, 36, 38, 40, 41, 42, 44, 46, 48, 50, 53, 54, 57, 58, 59, 60, 61, 62, 65, 76, 83, 84, 85, 87, 98, 99, 101, 102, 103, 106, 108, 114, 115, 116, 118, 120, 128, 143, 144, 146, 147, 148, 149, 150, 153, 155, 170, 173, 174, 175, 177, 178, 179, 182, 183, 184, 185, 187, 188, 191, 192, 193, 195, 197, 204, 219, 220, 221, 224, 225, 227, 228, 230, 231, 234, 236, 237, 238, 239, 244, 245, 247, 249, 264, 266, 267, 268, 269, 271, 273, 283, 284, 285, 286, 287, 289, 291, 306, 307, 309, 349, 357, 358, 366, 367, 368, 370, 371, 373, 374, 375, 377, 379, 383, 389, 390, 392, 393, 394, 396, 398, 418, 424, 425, 427, 428, 429, 430, 432, 434, 440, 443, 444, 445, 446, 447, 449, 451, 454, 455, 456, 457, 458, 463, 464, 465, 467, 469, 478, 481, 484, 485, 486], "summary": {"covered_lines": 165, "num_statements": 192, "percent_covered": 85.9375, "percent_covered_display": "86", "missing_lines": 27, "excluded_lines": 0, "percent_statements_covered": 85.9375, "percent_statements_covered_display": "86"}, "missing_lines": [151, 232, 242, 322, 323, 325, 327, 328, 329, 330, 332, 333, 334, 336, 338, 339, 340, 342, 344, 345, 347, 404, 405, 406, 408, 410, 460], "excluded_lines": [], "functions": {"AgentGroup.__post_init__": {"executed_lines": [40, 41, 42], "summary": {"covered_lines": 3, "num_statements": 3, "percent_covered": 100.0, "percent_covered_display": "100", "missing_lines": 0, "excluded_lines": 0, "percent_statements_covered": 100.0, "percent_statements_covered_display": "100"}, "missing_lines": [], "excluded_lines": [], "start_line": 38}, "AgentGroup.add_agent": {"executed_lines": [46], "summary": {"covered_lines": 1, "num_statements": 1, "percent_covered": 100.0, "percent_covered_display": "100", "missing_lines": 0, "excluded_lines": 0, "percent_statements_covered": 100.0, "percent_statements_covered_display": "100"}, "missing_lines": [], "excluded_lines": [], "start_line": 44}, "AgentGroup.has_dependencies_satisfied": {"executed_lines": [50], "summary": {"covered_lines": 1, "num_statements": 1, "percent_covered": 100.0, "percent_covered_display": "100", "missing_lines": 0, "excluded_lines": 0, "percent_statements_covered": 100.0, "percent_statements_covered_display": "100"}, "missing_lines": [], "excluded_lines": [], "start_line": 48}, "AgentParallelExecutor.__init__": {"executed_lines": [83, 84, 85], "summary": {"covered_lines": 3, "num_statements": 3, "percent_covered": 100.0, "percent_covered_display": "100", "missing_lines": 0, "excluded_lines": 0, "percent_statements_covered": 100.0, "percent_statements_covered_display": "100"}, "missing_lines": [], "excluded_lines": [], "start_line": 76}, "AgentParallelExecutor.execute": {"executed_lines": [98, 99, 101, 102, 103, 106, 108, 114, 115, 116, 118, 120], "summary": {"covered_lines": 12, "num_statements": 12, "percent_covered": 100.0, "percent_covered_display": "100", "missing_lines": 0, "excluded_lines": 0, "percent_statements_covered": 100.0, "percent_statements_covered_display": "100"}, "missing_lines": [], "excluded_lines": [], "start_line": 87}, "AgentParallelExecutor.execute_all": {"executed_lines": [143, 144, 146, 147, 148, 149, 150, 153], "summary": {"covered_lines": 8, "num_statements": 9, "percent_covered": 88.88888888888889, "percent_covered_display": "89", "missing_lines": 1, "excluded_lines": 0, "percent_statements_covered": 88.88888888888889, "percent_statements_covered_display": "89"}, "missing_lines": [151], "excluded_lines": [], "start_line": 128}, "AgentParallelExecutor.execute_parallel": {"executed_lines": [170, 173, 174, 175, 177, 178, 179, 182, 183, 184, 185, 187, 188, 191, 192, 193, 195, 197], "summary": {"covered_lines": 18, "num_statements": 18, "percent_covered": 100.0, "percent_covered_display": "100", "missing_lines": 0, "excluded_lines": 0, "percent_statements_covered": 100.0, "percent_statements_covered_display": "100"}, "missing_lines": [], "excluded_lines": [], "start_line": 155}, "AgentParallelExecutor.execute_groups": {"executed_lines": [219, 220, 221, 224, 225, 227, 228, 230, 231, 234, 236, 237, 238, 239, 244, 245, 247], "summary": {"covered_lines": 17, "num_statements": 19, "percent_covered": 89.47368421052632, "percent_covered_display": "89", "missing_lines": 2, "excluded_lines": 0, "percent_statements_covered": 89.47368421052632, "percent_statements_covered_display": "89"}, "missing_lines": [232, 242], "excluded_lines": [], "start_line": 204}, "AgentParallelExecutor.execute_independent_groups": {"executed_lines": [264, 266, 267, 268, 269, 271], "summary": {"covered_lines": 6, "num_statements": 6, "percent_covered": 100.0, "percent_covered_display": "100", "missing_lines": 0, "excluded_lines": 0, "percent_statements_covered": 100.0, "percent_statements_covered_display": "100"}, "missing_lines": [], "excluded_lines": [], "start_line": 249}, "AgentParallelExecutor.identify_independent_agents": {"executed_lines": [283, 284, 285, 286, 287, 289], "summary": {"covered_lines": 6, "num_statements": 6, "percent_covered": 100.0, "percent_covered_display": "100", "missing_lines": 0, "excluded_lines": 0, "percent_statements_covered": 100.0, "percent_statements_covered_display": "100"}, "missing_lines": [], "excluded_lines": [], "start_line": 273}, "AgentParallelExecutor.identify_dependent_agents": {"executed_lines": [306, 307], "summary": {"covered_lines": 2, "num_statements": 2, "percent_covered": 100.0, "percent_covered_display": "100", "missing_lines": 0, "excluded_lines": 0, "percent_statements_covered": 100.0, "percent_statements_covered_display": "100"}, "missing_lines": [], "excluded_lines": [], "start_line": 291}, "AgentParallelExecutor.get_parallelization_plan": {"executed_lines": [], "summary": {"covered_lines": 0, "num_statements": 18, "percent_covered": 0.0, "percent_covered_display": "0", "missing_lines": 18, "excluded_lines": 0, "percent_statements_covered": 0.0, "percent_statements_covered_display": "0"}, "missing_lines": [322, 323, 325, 327, 328, 329, 330, 332, 333, 334, 336, 338, 339, 340, 342, 344, 345, 347], "excluded_lines": [], "start_line": 309}, "AgentParallelExecutor._track_execution": {"executed_lines": [357, 358, 366, 367, 368, 370, 371, 373, 374, 375], "summary": {"covered_lines": 10, "num_statements": 10, "percent_covered": 100.0, "percent_covered_display": "100", "missing_lines": 0, "excluded_lines": 0, "percent_statements_covered": 100.0, "percent_statements_covered_display": "100"}, "missing_lines": [], "excluded_lines": [], "start_line": 349}, "AgentParallelExecutor.get_execution_summary": {"executed_lines": [379], "summary": {"covered_lines": 1, "num_statements": 1, "percent_covered": 100.0, "percent_covered_display": "100", "missing_lines": 0, "excluded_lines": 0, "percent_statements_covered": 100.0, "percent_statements_covered_display": "100"}, "missing_lines": [], "excluded_lines": [], "start_line": 377}, "AgentParallelExecutor.execute_async": {"executed_lines": [389, 390, 392, 393, 394, 396, 398], "summary": {"covered_lines": 7, "num_statements": 12, "percent_covered": 58.333333333333336, "percent_covered_display": "58", "missing_lines": 5, "excluded_lines": 0, "percent_statements_covered": 58.333333333333336, "percent_statements_covered_display": "58"}, "missing_lines": [404, 405, 406, 408, 410], "excluded_lines": [], "start_line": 383}, "AgentParallelExecutor.execute_all_async": {"executed_lines": [424, 425, 427, 428, 429, 430, 432], "summary": {"covered_lines": 7, "num_statements": 7, "percent_covered": 100.0, "percent_covered_display": "100", "missing_lines": 0, "excluded_lines": 0, "percent_statements_covered": 100.0, "percent_statements_covered_display": "100"}, "missing_lines": [], "excluded_lines": [], "start_line": 418}, "AgentParallelExecutor.execute_parallel_async": {"executed_lines": [440, 443, 444, 445, 446, 447, 449, 451, 454, 455, 456, 457, 458, 463, 464, 465, 467, 469], "summary": {"covered_lines": 18, "num_statements": 19, "percent_covered": 94.73684210526316, "percent_covered_display": "95", "missing_lines": 1, "excluded_lines": 0, "percent_statements_covered": 94.73684210526316, "percent_statements_covered_display": "95"}, "missing_lines": [460], "excluded_lines": [], "start_line": 434}, "get_parallel_executor": {"executed_lines": [484, 485, 486], "summary": {"covered_lines": 3, "num_statements": 3, "percent_covered": 100.0, "percent_covered_display": "100", "missing_lines": 0, "excluded_lines": 0, "percent_statements_covered": 100.0, "percent_statements_covered_display": "100"}, "missing_lines": [], "excluded_lines": [], "start_line": 481}, "": {"executed_lines": [2, 3, 4, 5, 6, 8, 13, 26, 29, 30, 33, 34, 35, 36, 38, 44, 48, 53, 54, 57, 58, 59, 60, 61, 62, 65, 76, 87, 128, 155, 204, 249, 273, 291, 309, 349, 377, 383, 418, 434, 478, 481], "summary": {"covered_lines": 42, "num_statements": 42, "percent_covered": 100.0, "percent_covered_display": "100", "missing_lines": 0, "excluded_lines": 0, "percent_statements_covered": 100.0, "percent_statements_covered_display": "100"}, "missing_lines": [], "excluded_lines": [], "start_line": 1}}, "classes": {"AgentGroup": {"executed_lines": [40, 41, 42, 46, 50], "summary": {"covered_lines": 5, "num_statements": 5, "percent_covered": 100.0, "percent_covered_display": "100", "missing_lines": 0, "excluded_lines": 0, "percent_statements_covered": 100.0, "percent_statements_covered_display": "100"}, "missing_lines": [], "excluded_lines": [], "start_line": 30}, "ExecutionResult": {"executed_lines": [], "summary": {"covered_lines": 0, "num_statements": 0, "percent_covered": 100.0, "percent_covered_display": "100", "missing_lines": 0, "excluded_lines": 0, "percent_statements_covered": 100.0, "percent_statements_covered_display": "100"}, "missing_lines": [], "excluded_lines": [], "start_line": 54}, "AgentParallelExecutor": {"executed_lines": [83, 84, 85, 98, 99, 101, 102, 103, 106, 108, 114, 115, 116, 118, 120, 143, 144, 146, 147, 148, 149, 150, 153, 170, 173, 174, 175, 177, 178, 179, 182, 183, 184, 185, 187, 188, 191, 192, 193, 195, 197, 219, 220, 221, 224, 225, 227, 228, 230, 231, 234, 236, 237, 238, 239, 244, 245, 247, 264, 266, 267, 268, 269, 271, 283, 284, 285, 286, 287, 289, 306, 307, 357, 358, 366, 367, 368, 370, 371, 373, 374, 375, 379, 389, 390, 392, 393, 394, 396, 398, 424, 425, 427, 428, 429, 430, 432, 440, 443, 444, 445, 446, 447, 449, 451, 454, 455, 456, 457, 458, 463, 464, 465, 467, 469], "summary": {"covered_lines": 115, "num_statements": 142, "percent_covered": 80.98591549295774, "percent_covered_display": "81", "missing_lines": 27, "excluded_lines": 0, "percent_statements_covered": 80.98591549295774, "percent_statements_covered_display": "81"}, "missing_lines": [151, 232, 242, 322, 323, 325, 327, 328, 329, 330, 332, 333, 334, 336, 338, 339, 340, 342, 344, 345, 347, 404, 405, 406, 408, 410, 460], "excluded_lines": [], "start_line": 65}, "": {"executed_lines": [2, 3, 4, 5, 6, 8, 13, 26, 29, 30, 33, 34, 35, 36, 38, 44, 48, 53, 54, 57, 58, 59, 60, 61, 62, 65, 76, 87, 128, 155, 204, 249, 273, 291, 309, 349, 377, 383, 418, 434, 478, 481, 484, 485, 486], "summary": {"covered_lines": 45, "num_statements": 45, "percent_covered": 100.0, "percent_covered_display": "100", "missing_lines": 0, "excluded_lines": 0, "percent_statements_covered": 100.0, "percent_statements_covered_display": "100"}, "missing_lines": [], "excluded_lines": [], "start_line": 1}}}, "src/utils/competitor_data.py": {"executed_lines": [2, 3, 5, 7, 10, 11, 13, 14, 15, 18, 19, 21, 22, 23, 24, 25, 26, 29, 32, 46, 47, 48, 50, 60, 61, 63, 64, 67, 68, 69, 72, 73, 74, 76, 77, 78, 84, 85, 91, 101, 104, 116, 127, 129, 134, 135, 136, 137, 138, 140, 141, 143, 153, 154, 156, 157, 160, 165, 166, 169, 182, 192, 193, 195, 196, 199, 204, 205, 208, 222, 236, 237, 238, 239, 242, 244, 245, 246, 247, 248, 250, 251, 252, 253, 255, 256, 257, 258, 260, 262, 263, 272, 276, 279, 285, 286, 290], "summary": {"covered_lines": 97, "num_statements": 117, "percent_covered": 82.90598290598291, "percent_covered_display": "83", "missing_lines": 20, "excluded_lines": 0, "percent_statements_covered": 82.90598290598291, "percent_statements_covered_display": "83"}, "missing_lines": [87, 88, 89, 112, 113, 114, 130, 131, 161, 162, 167, 178, 179, 180, 200, 201, 206, 217, 218, 219], "excluded_lines": [], "functions": {"CompetitorDataCollector.__init__": {"executed_lines": [46, 47, 48], "summary": {"covered_lines": 3, "num_statements": 3, "percent_covered": 100.0, "percent_covered_display": "100", "missing_lines": 0, "excluded_lines": 0, "percent_statements_covered": 100.0, "percent_statements_covered_display": "100"}, "missing_lines": [], "excluded_lines": [], "start_line": 32}, "CompetitorDataCollector.search_competitors": {"executed_lines": [60, 61, 63, 64, 67, 68, 69, 72, 73, 74, 76, 77, 78, 84, 85], "summary": {"covered_lines": 15, "num_statements": 18, "percent_covered": 83.33333333333333, "percent_covered_display": "83", "missing_lines": 3, "excluded_lines": 0, "percent_statements_covered": 83.33333333333333, "percent_statements_covered_display": "83"}, "missing_lines": [87, 88, 89], "excluded_lines": [], "start_line": 50}, "CompetitorDataCollector.analyze_competitor": {"executed_lines": [101, 104], "summary": {"covered_lines": 2, "num_statements": 5, "percent_covered": 40.0, "percent_covered_display": "40", "missing_lines": 3, "excluded_lines": 0, "percent_statements_covered": 40.0, "percent_statements_covered_display": "40"}, "missing_lines": [112, 113, 114], "excluded_lines": [], "start_line": 91}, "CompetitorDataCollector.collect": {"executed_lines": [127, 129, 134, 135, 136, 137, 138, 140, 141], "summary": {"covered_lines": 9, "num_statements": 11, "percent_covered": 81.81818181818181, "percent_covered_display": "82", "missing_lines": 2, "excluded_lines": 0, "percent_statements_covered": 81.81818181818181, "percent_statements_covered_display": "82"}, "missing_lines": [130, 131], "excluded_lines": [], "start_line": 116}, "CompetitorDataCollector.get_industry_trends": {"executed_lines": [153, 154, 156, 157, 160, 165, 166, 169], "summary": {"covered_lines": 8, "num_statements": 14, "percent_covered": 57.142857142857146, "percent_covered_display": "57", "missing_lines": 6, "excluded_lines": 0, "percent_statements_covered": 57.142857142857146, "percent_statements_covered_display": "57"}, "missing_lines": [161, 162, 167, 178, 179, 180], "excluded_lines": [], "start_line": 143}, "CompetitorDataCollector.get_market_keywords": {"executed_lines": [192, 193, 195, 196, 199, 204, 205, 208], "summary": {"covered_lines": 8, "num_statements": 14, "percent_covered": 57.142857142857146, "percent_covered_display": "57", "missing_lines": 6, "excluded_lines": 0, "percent_statements_covered": 57.142857142857146, "percent_statements_covered_display": "57"}, "missing_lines": [200, 201, 206, 217, 218, 219], "excluded_lines": [], "start_line": 182}, "integrate_competitor_data": {"executed_lines": [236, 237, 238, 239, 242, 244, 245, 246, 247, 248, 250, 251, 252, 253, 255, 256, 257, 258, 260, 262, 263, 272], "summary": {"covered_lines": 22, "num_statements": 22, "percent_covered": 100.0, "percent_covered_display": "100", "missing_lines": 0, "excluded_lines": 0, "percent_statements_covered": 100.0, "percent_statements_covered_display": "100"}, "missing_lines": [], "excluded_lines": [], "start_line": 222}, "get_competitor_collector": {"executed_lines": [285, 286, 290], "summary": {"covered_lines": 3, "num_statements": 3, "percent_covered": 100.0, "percent_covered_display": "100", "missing_lines": 0, "excluded_lines": 0, "percent_statements_covered": 100.0, "percent_statements_covered_display": "100"}, "missing_lines": [], "excluded_lines": [], "start_line": 279}, "": {"executed_lines": [2, 3, 5, 7, 10, 11, 13, 14, 15, 18, 19, 21, 22, 23, 24, 25, 26, 29, 32, 50, 91, 116, 143, 182, 222, 276, 279], "summary": {"covered_lines": 27, "num_statements": 27, "percent_covered": 100.0, "percent_covered_display": "100", "missing_lines": 0, "excluded_lines": 0, "percent_statements_covered": 100.0, "percent_statements_covered_display": "100"}, "missing_lines": [], "excluded_lines": [], "start_line": 1}}, "classes": {"SearchResult": {"executed_lines": [], "summary": {"covered_lines": 0, "num_statements": 0, "percent_covered": 100.0, "percent_covered_display": "100", "missing_lines": 0, "excluded_lines": 0, "percent_statements_covered": 100.0, "percent_statements_covered_display": "100"}, "missing_lines": [], "excluded_lines": [], "start_line": 11}, "CompetitorInfo": {"executed_lines": [], "summary": {"covered_lines": 0, "num_statements": 0, "percent_covered": 100.0, "percent_covered_display": "100", "missing_lines": 0, "excluded_lines": 0, "percent_statements_covered": 100.0, "percent_statements_covered_display": "100"}, "missing_lines": [], "excluded_lines": [], "start_line": 19}, "CompetitorDataCollector": {"executed_lines": [46, 47, 48, 60, 61, 63, 64, 67, 68, 69, 72, 73, 74, 76, 77, 78, 84, 85, 101, 104, 127, 129, 134, 135, 136, 137, 138, 140, 141, 153, 154, 156, 157, 160, 165, 166, 169, 192, 193, 195, 196, 199, 204, 205, 208], "summary": {"covered_lines": 45, "num_statements": 65, "percent_covered": 69.23076923076923, "percent_covered_display": "69", "missing_lines": 20, "excluded_lines": 0, "percent_statements_covered": 69.23076923076923, "percent_statements_covered_display": "69"}, "missing_lines": [87, 88, 89, 112, 113, 114, 130, 131, 161, 162, 167, 178, 179, 180, 200, 201, 206, 217, 218, 219], "excluded_lines": [], "start_line": 29}, "": {"executed_lines": [2, 3, 5, 7, 10, 11, 13, 14, 15, 18, 19, 21, 22, 23, 24, 25, 26, 29, 32, 50, 91, 116, 143, 182, 222, 236, 237, 238, 239, 242, 244, 245, 246, 247, 248, 250, 251, 252, 253, 255, 256, 257, 258, 260, 262, 263, 272, 276, 279, 285, 286, 290], "summary": {"covered_lines": 52, "num_statements": 52, "percent_covered": 100.0, "percent_covered_display": "100", "missing_lines": 0, "excluded_lines": 0, "percent_statements_covered": 100.0, "percent_statements_covered_display": "100"}, "missing_lines": [], "excluded_lines": [], "start_line": 1}}}, "src/utils/error_degradation.py": {"executed_lines": [2, 3, 4, 6, 9, 12, 26, 27, 28, 30, 52, 53, 55, 56, 57, 60, 61, 63, 65, 66, 67, 69, 70, 71, 73, 74, 76, 78, 79, 82, 84, 85, 86, 88, 89, 93, 95, 97, 98, 100, 101, 102, 106, 107, 108, 109, 111, 112, 120, 123, 250, 260, 261, 264, 269, 271, 274, 277, 279, 280, 281, 283, 285, 286, 287, 288, 290, 292, 293, 296, 298, 300, 302, 304, 310, 312, 313, 314, 318, 319, 320, 323, 330, 331, 334, 337, 338, 339, 342, 345, 346, 347], "summary": {"covered_lines": 92, "num_statements": 100, "percent_covered": 92.0, "percent_covered_display": "92", "missing_lines": 8, "excluded_lines": 0, "percent_statements_covered": 92.0, "percent_statements_covered_display": "92"}, "missing_lines": [91, 103, 104, 114, 115, 117, 294, 299], "excluded_lines": [], "functions": {"ErrorDegrader.__init__": {"executed_lines": [26, 27, 28], "summary": {"covered_lines": 3, "num_statements": 3, "percent_covered": 100.0, "percent_covered_display": "100", "missing_lines": 0, "excluded_lines": 0, "percent_statements_covered": 100.0, "percent_statements_covered_display": "100"}, "missing_lines": [], "excluded_lines": [], "start_line": 12}, "ErrorDegrader.execute": {"executed_lines": [52, 53, 55, 56, 57, 60, 61, 63, 65, 66, 67, 69, 70, 71, 73, 74, 76, 78, 79, 82, 84, 85, 86, 88, 89], "summary": {"covered_lines": 25, "num_statements": 26, "percent_covered": 96.15384615384616, "percent_covered_display": "96", "missing_lines": 1, "excluded_lines": 0, "percent_statements_covered": 96.15384615384616, "percent_statements_covered_display": "96"}, "missing_lines": [91], "excluded_lines": [], "start_line": 30}, "ErrorDegrader._execute_with_timeout": {"executed_lines": [95, 97, 98, 100, 106, 107, 108, 109, 111, 112], "summary": {"covered_lines": 10, "num_statements": 13, "percent_covered": 76.92307692307692, "percent_covered_display": "77", "missing_lines": 3, "excluded_lines": 0, "percent_statements_covered": 76.92307692307692, "percent_statements_covered_display": "77"}, "missing_lines": [114, 115, 117], "excluded_lines": [], "start_line": 93}, "ErrorDegrader._execute_with_timeout.target": {"executed_lines": [101, 102], "summary": {"covered_lines": 2, "num_statements": 4, "percent_covered": 50.0, "percent_covered_display": "50", "missing_lines": 2, "excluded_lines": 0, "percent_statements_covered": 50.0, "percent_statements_covered_display": "50"}, "missing_lines": [103, 104], "excluded_lines": [], "start_line": 100}, "DefaultValueProvider.get_default": {"executed_lines": [260, 261, 264], "summary": {"covered_lines": 3, "num_statements": 3, "percent_covered": 100.0, "percent_covered_display": "100", "missing_lines": 0, "excluded_lines": 0, "percent_statements_covered": 100.0, "percent_statements_covered_display": "100"}, "missing_lines": [], "excluded_lines": [], "start_line": 250}, "DefaultValueProvider.has_default": {"executed_lines": [271], "summary": {"covered_lines": 1, "num_statements": 1, "percent_covered": 100.0, "percent_covered_display": "100", "missing_lines": 0, "excluded_lines": 0, "percent_statements_covered": 100.0, "percent_statements_covered_display": "100"}, "missing_lines": [], "excluded_lines": [], "start_line": 269}, "AgentFallbackManager.__init__": {"executed_lines": [279, 280, 281], "summary": {"covered_lines": 3, "num_statements": 3, "percent_covered": 100.0, "percent_covered_display": "100", "missing_lines": 0, "excluded_lines": 0, "percent_statements_covered": 100.0, "percent_statements_covered_display": "100"}, "missing_lines": [], "excluded_lines": [], "start_line": 277}, "AgentFallbackManager.record_failure": {"executed_lines": [285, 286, 287, 288], "summary": {"covered_lines": 4, "num_statements": 4, "percent_covered": 100.0, "percent_covered_display": "100", "missing_lines": 0, "excluded_lines": 0, "percent_statements_covered": 100.0, "percent_statements_covered_display": "100"}, "missing_lines": [], "excluded_lines": [], "start_line": 283}, "AgentFallbackManager.record_success": {"executed_lines": [292, 293], "summary": {"covered_lines": 2, "num_statements": 3, "percent_covered": 66.66666666666667, "percent_covered_display": "67", "missing_lines": 1, "excluded_lines": 0, "percent_statements_covered": 66.66666666666667, "percent_statements_covered_display": "67"}, "missing_lines": [294], "excluded_lines": [], "start_line": 290}, "AgentFallbackManager.get_fallback_rate": {"executed_lines": [298, 300], "summary": {"covered_lines": 2, "num_statements": 3, "percent_covered": 66.66666666666667, "percent_covered_display": "67", "missing_lines": 1, "excluded_lines": 0, "percent_statements_covered": 66.66666666666667, "percent_statements_covered_display": "67"}, "missing_lines": [299], "excluded_lines": [], "start_line": 296}, "AgentFallbackManager.get_failure_report": {"executed_lines": [304], "summary": {"covered_lines": 1, "num_statements": 1, "percent_covered": 100.0, "percent_covered_display": "100", "missing_lines": 0, "excluded_lines": 0, "percent_statements_covered": 100.0, "percent_statements_covered_display": "100"}, "missing_lines": [], "excluded_lines": [], "start_line": 302}, "AgentFallbackManager.reset": {"executed_lines": [312, 313, 314], "summary": {"covered_lines": 3, "num_statements": 3, "percent_covered": 100.0, "percent_covered_display": "100", "missing_lines": 0, "excluded_lines": 0, "percent_statements_covered": 100.0, "percent_statements_covered_display": "100"}, "missing_lines": [], "excluded_lines": [], "start_line": 310}, "get_degradation_strategy": {"executed_lines": [330, 331], "summary": {"covered_lines": 2, "num_statements": 2, "percent_covered": 100.0, "percent_covered_display": "100", "missing_lines": 0, "excluded_lines": 0, "percent_statements_covered": 100.0, "percent_statements_covered_display": "100"}, "missing_lines": [], "excluded_lines": [], "start_line": 323}, "get_default_provider": {"executed_lines": [337, 338, 339], "summary": {"covered_lines": 3, "num_statements": 3, "percent_covered": 100.0, "percent_covered_display": "100", "missing_lines": 0, "excluded_lines": 0, "percent_statements_covered": 100.0, "percent_statements_covered_display": "100"}, "missing_lines": [], "excluded_lines": [], "start_line": 334}, "get_fallback_manager": {"executed_lines": [345, 346, 347], "summary": {"covered_lines": 3, "num_statements": 3, "percent_covered": 100.0, "percent_covered_display": "100", "missing_lines": 0, "excluded_lines": 0, "percent_statements_covered": 100.0, "percent_statements_covered_display": "100"}, "missing_lines": [], "excluded_lines": [], "start_line": 342}, "": {"executed_lines": [2, 3, 4, 6, 9, 12, 30, 93, 120, 123, 250, 269, 274, 277, 283, 290, 296, 302, 310, 318, 319, 320, 323, 334, 342], "summary": {"covered_lines": 25, "num_statements": 25, "percent_covered": 100.0, "percent_covered_display": "100", "missing_lines": 0, "excluded_lines": 0, "percent_statements_covered": 100.0, "percent_statements_covered_display": "100"}, "missing_lines": [], "excluded_lines": [], "start_line": 1}}, "classes": {"ErrorDegrader": {"executed_lines": [26, 27, 28, 52, 53, 55, 56, 57, 60, 61, 63, 65, 66, 67, 69, 70, 71, 73, 74, 76, 78, 79, 82, 84, 85, 86, 88, 89, 95, 97, 98, 100, 101, 102, 106, 107, 108, 109, 111, 112], "summary": {"covered_lines": 40, "num_statements": 46, "percent_covered": 86.95652173913044, "percent_covered_display": "87", "missing_lines": 6, "excluded_lines": 0, "percent_statements_covered": 86.95652173913044, "percent_statements_covered_display": "87"}, "missing_lines": [91, 103, 104, 114, 115, 117], "excluded_lines": [], "start_line": 9}, "DefaultValueProvider": {"executed_lines": [260, 261, 264, 271], "summary": {"covered_lines": 4, "num_statements": 4, "percent_covered": 100.0, "percent_covered_display": "100", "missing_lines": 0, "excluded_lines": 0, "percent_statements_covered": 100.0, "percent_statements_covered_display": "100"}, "missing_lines": [], "excluded_lines": [], "start_line": 120}, "AgentFallbackManager": {"executed_lines": [279, 280, 28
[...]
ements_covered": 100.0, "percent_statements_covered_display": "100"}, "missing_lines": [], "excluded_lines": [], "start_line": 255}, "PDFExporter._format_section": {"executed_lines": [267, 268], "summary": {"covered_lines": 2, "num_statements": 2, "percent_covered": 100.0, "percent_covered_display": "100", "missing_lines": 0, "excluded_lines": 0, "percent_statements_covered": 100.0, "percent_statements_covered_display": "100"}, "missing_lines": [], "excluded_lines": [], "start_line": 265}, "PDFExporter._generate_filename": {"executed_lines": [273, 274, 275, 276], "summary": {"covered_lines": 4, "num_statements": 4, "percent_covered": 100.0, "percent_covered_display": "100", "missing_lines": 0, "excluded_lines": 0, "percent_statements_covered": 100.0, "percent_statements_covered_display": "100"}, "missing_lines": [], "excluded_lines": [], "start_line": 270}, "PDFExporter._add_watermark": {"executed_lines": [280, 281], "summary": {"covered_lines": 2, "num_statements": 3, "percent_covered": 66.66666666666667, "percent_covered_display": "67", "missing_lines": 1, "excluded_lines": 0, "percent_statements_covered": 66.66666666666667, "percent_statements_covered_display": "67"}, "missing_lines": [282], "excluded_lines": [], "start_line": 278}, "get_pdf_exporter": {"executed_lines": [292, 293, 294], "summary": {"covered_lines": 3, "num_statements": 3, "percent_covered": 100.0, "percent_covered_display": "100", "missing_lines": 0, "excluded_lines": 0, "percent_statements_covered": 100.0, "percent_statements_covered_display": "100"}, "missing_lines": [], "excluded_lines": [], "start_line": 289}, "": {"executed_lines": [2, 3, 4, 5, 6, 7, 9, 14, 15, 16, 17, 18, 19, 28, 29, 35, 36, 39, 40, 41, 42, 43, 44, 45, 46, 47, 48, 49, 52, 64, 76, 85, 100, 125, 222, 255, 265, 270, 278, 286, 289], "summary": {"covered_lines": 41, "num_statements": 44, "percent_covered": 93.18181818181819, "percent_covered_display": "93", "missing_lines": 3, "excluded_lines": 0, "percent_statements_covered": 93.18181818181819, "percent_statements_covered_display": "93"}, "missing_lines": [30, 31, 32], "excluded_lines": [], "start_line": 1}}, "classes": {"PDFExportConfig": {"executed_lines": [], "summary": {"covered_lines": 0, "num_statements": 0, "percent_covered": 100.0, "percent_covered_display": "100", "missing_lines": 0, "excluded_lines": 0, "percent_statements_covered": 100.0, "percent_statements_covered_display": "100"}, "missing_lines": [], "excluded_lines": [], "start_line": 36}, "PDFExporter": {"executed_lines": [83, 95, 96, 115, 116, 118, 119, 120, 122, 123, 127, 130, 133, 136, 146, 147, 150, 161, 162, 169, 170, 173, 174, 175, 178, 179, 180, 182, 190, 193, 202, 203, 206, 218, 220, 258, 260, 261, 262, 263, 267, 268, 273, 274, 275, 276, 280, 281], "summary": {"covered_lines": 48, "num_statements": 77, "percent_covered": 62.33766233766234, "percent_covered_display": "62", "missing_lines": 29, "excluded_lines": 0, "percent_statements_covered": 62.33766233766234, "percent_statements_covered_display": "62"}, "missing_lines": [98, 131, 151, 158, 207, 214, 215, 224, 227, 228, 229, 230, 233, 234, 235, 238, 239, 240, 241, 242, 243, 244, 245, 248, 249, 250, 252, 253, 282], "excluded_lines": [], "start_line": 52}, "": {"executed_lines": [2, 3, 4, 5, 6, 7, 9, 14, 15, 16, 17, 18, 19, 28, 29, 35, 36, 39, 40, 41, 42, 43, 44, 45, 46, 47, 48, 49, 52, 64, 76, 85, 100, 125, 222, 255, 265, 270, 278, 286, 289, 292, 293, 294], "summary": {"covered_lines": 44, "num_statements": 47, "percent_covered": 93.61702127659575, "percent_covered_display": "94", "missing_lines": 3, "excluded_lines": 0, "percent_statements_covered": 93.61702127659575, "percent_statements_covered_display": "94"}, "missing_lines": [30, 31, 32], "excluded_lines": [], "start_line": 1}}}, "src/utils/prompt_ab_test.py": {"executed_lines": [2, 3, 4, 6, 9, 10, 13, 14, 15, 18, 19, 22, 23, 24, 25, 26, 27, 28, 31, 42, 49, 50, 51, 52, 54, 61, 62, 63, 65, 67, 69, 73, 80, 83, 84, 85, 87, 89, 96, 97, 100, 101, 103, 104, 106, 107, 108, 109, 111, 112, 113, 114, 116, 118, 126, 130, 131, 133, 135, 137, 141, 148, 150, 151, 160, 161, 162, 163, 165, 172, 174, 181, 182, 183, 185, 186, 188, 189, 190, 191, 192, 193, 196, 197, 199, 201, 203, 204, 205, 208, 213, 215, 217, 227, 231, 232, 233, 234, 236, 240, 244, 253, 256, 259, 260, 261], "summary": {"covered_lines": 106, "num_statements": 122, "percent_covered": 86.88524590163935, "percent_covered_display": "87", "missing_lines": 16, "excluded_lines": 0, "percent_statements_covered": 86.88524590163935, "percent_statements_covered_display": "87"}, "missing_lines": [71, 81, 98, 127, 128, 139, 152, 158, 228, 229, 238, 242, 246, 247, 248, 249], "excluded_lines": [], "functions": {"PromptABTest.__init__": {"executed_lines": [49, 50, 51, 52], "summary": {"covered_lines": 4, "num_statements": 4, "percent_covered": 100.0, "percent_covered_display": "100", "missing_lines": 0, "excluded_lines": 0, "percent_statements_covered": 100.0, "percent_statements_covered_display": "100"}, "missing_lines": [], "excluded_lines": [], "start_line": 42}, "PromptABTest.add_variant": {"executed_lines": [61, 62, 63], "summary": {"covered_lines": 3, "num_statements": 3, "percent_covered": 100.0, "percent_covered_display": "100", "missing_lines": 0, "excluded_lines": 0, "percent_statements_covered": 100.0, "percent_statements_covered_display": "100"}, "missing_lines": [], "excluded_lines": [], "start_line": 54}, "PromptABTest.get_variants": {"executed_lines": [67], "summary": {"covered_lines": 1, "num_statements": 1, "percent_covered": 100.0, "percent_covered_display": "100", "missing_lines": 0, "excluded_lines": 0, "percent_statements_covered": 100.0, "percent_statements_covered_display": "100"}, "missing_lines": [], "excluded_lines": [], "start_line": 65}, "PromptABTest.get_variant": {"executed_lines": [], "summary": {"covered_lines": 0, "num_statements": 1, "percent_covered": 0.0, "percent_covered_display": "0", "missing_lines": 1, "excluded_lines": 0, "percent_statements_covered": 0.0, "percent_statements_covered_display": "0"}, "missing_lines": [71], "excluded_lines": [], "start_line": 69}, "PromptABTest.select_variant": {"executed_lines": [80, 83, 84, 85, 87], "summary": {"covered_lines": 5, "num_statements": 6, "percent_covered": 83.33333333333333, "percent_covered_display": "83", "missing_lines": 1, "excluded_lines": 0, "percent_statements_covered": 83.33333333333333, "percent_statements_covered_display": "83"}, "missing_lines": [81], "excluded_lines": [], "start_line": 73}, "PromptABTest.select_best_variant": {"executed_lines": [96, 97, 100, 101, 103, 104, 106, 107, 108, 109, 111, 112, 113, 114, 116], "summary": {"covered_lines": 15, "num_statements": 16, "percent_covered": 93.75, "percent_covered_display": "94", "missing_lines": 1, "excluded_lines": 0, "percent_statements_covered": 93.75, "percent_statements_covered_display": "94"}, "missing_lines": [98], "excluded_lines": [], "start_line": 89}, "PromptABTest.record_result": {"executed_lines": [126, 130, 131], "summary": {"covered_lines": 3, "num_statements": 5, "percent_covered": 60.0, "percent_covered_display": "60", "missing_lines": 2, "excluded_lines": 0, "percent_statements_covered": 60.0, "percent_statements_covered_display": "60"}, "missing_lines": [127, 128], "excluded_lines": [], "start_line": 118}, "PromptABTest.get_results": {"executed_lines": [135], "summary": {"covered_lines": 1, "num_statements": 1, "percent_covered": 100.0, "percent_covered_display": "100", "missing_lines": 0, "excluded_lines": 0, "percent_statements_covered": 100.0, "percent_statements_covered_display": "100"}, "missing_lines": [], "excluded_lines": [], "start_line": 133}, "PromptABTest.get_all_results": {"executed_lines": [], "summary": {"covered_lines": 0, "num_statements": 1, "percent_covered": 0.0, "percent_covered_display": "0", "missing_lines": 1, "excluded_lines": 0, "percent_statements_covered": 0.0, "percent_statements_covered_display": "0"}, "missing_lines": [139], "excluded_lines": [], "start_line": 137}, "PromptABTest.get_statistics": {"executed_lines": [148, 150, 151, 160, 161, 162, 163, 165, 172], "summary": {"covered_lines": 9, "num_statements": 11, "percent_covered": 81.81818181818181, "percent_covered_display": "82", "missing_lines": 2, "excluded_lines": 0, "percent_statements_covered": 81.81818181818181, "percent_statements_covered_display": "82"}, "missing_lines": [152, 158], "excluded_lines": [], "start_line": 141}, "PromptABTest.get_winner": {"executed_lines": [181, 182, 183, 185, 186, 188, 189, 190, 191, 192, 193, 196, 197, 199], "summary": {"covered_lines": 14, "num_statements": 14, "percent_covered": 100.0, "percent_covered_display": "100", "missing_lines": 0, "excluded_lines": 0, "percent_statements_covered": 100.0, "percent_statements_covered_display": "100"}, "missing_lines": [], "excluded_lines": [], "start_line": 174}, "PromptABTest.reset": {"executed_lines": [203, 204, 205], "summary": {"covered_lines": 3, "num_statements": 3, "percent_covered": 100.0, "percent_covered_display": "100", "missing_lines": 0, "excluded_lines": 0, "percent_statements_covered": 100.0, "percent_statements_covered_display": "100"}, "missing_lines": [], "excluded_lines": [], "start_line": 201}, "ABTestManager.__init__": {"executed_lines": [215], "summary": {"covered_lines": 1, "num_statements": 1, "percent_covered": 100.0, "percent_covered_display": "100", "missing_lines": 0, "excluded_lines": 0, "percent_statements_covered": 100.0, "percent_statements_covered_display": "100"}, "missing_lines": [], "excluded_lines": [], "start_line": 213}, "ABTestManager.create_experiment": {"executed_lines": [227, 231, 232, 233, 234], "summary": {"covered_lines": 5, "num_statements": 7, "percent_covered": 71.42857142857143, "percent_covered_display": "71", "missing_lines": 2, "excluded_lines": 0, "percent_statements_covered": 71.42857142857143, "percent_statements_covered_display": "71"}, "missing_lines": [228, 229], "excluded_lines": [], "start_line": 217}, "ABTestManager.get_experiment": {"executed_lines": [], "summary": {"covered_lines": 0, "num_statements": 1, "percent_covered": 0.0, "percent_covered_display": "0", "missing_lines": 1, "excluded_lines": 0, "percent_statements_covered": 0.0, "percent_statements_covered_display": "0"}, "missing_lines": [238], "excluded_lines": [], "start_line": 236}, "ABTestManager.list_experiments": {"executed_lines": [], "summary": {"covered_lines": 0, "num_statements": 1, "percent_covered": 0.0, "percent_covered_display": "0", "missing_lines": 1, "excluded_lines": 0, "percent_statements_covered": 0.0, "percent_statements_covered_display": "0"}, "missing_lines": [242], "excluded_lines": [], "start_line": 240}, "ABTestManager.delete_experiment": {"executed_lines": [], "summary": {"covered_lines": 0, "num_statements": 4, "percent_covered": 0.0, "percent_covered_display": "0", "missing_lines": 4, "excluded_lines": 0, "percent_statements_covered": 0.0, "percent_statements_covered_display": "0"}, "missing_lines": [246, 247, 248, 249], "excluded_lines": [], "start_line": 244}, "get_ab_test_manager": {"executed_lines": [259, 260, 261], "summary": {"covered_lines": 3, "num_statements": 3, "percent_covered": 100.0, "percent_covered_display": "100", "missing_lines": 0, "excluded_lines": 0, "percent_statements_covered": 100.0, "percent_statements_covered_display": "100"}, "missing_lines": [], "excluded_lines": [], "start_line": 256}, "": {"executed_lines": [2, 3, 4, 6, 9, 10, 13, 14, 15, 18, 19, 22, 23, 24, 25, 26, 27, 28, 31, 42, 54, 65, 69, 73, 89, 118, 133, 137, 141, 174, 201, 208, 213, 217, 236, 240, 244, 253, 256], "summary": {"covered_lines": 39, "num_statements": 39, "percent_covered": 100.0, "percent_covered_display": "100", "missing_lines": 0, "excluded_lines": 0, "percent_statements_covered": 100.0, "percent_statements_covered_display": "100"}, "missing_lines": [], "excluded_lines": [], "start_line": 1}}, "classes": {"PromptVariant": {"executed_lines": [], "summary": {"covered_lines": 0, "num_statements": 0, "percent_covered": 100.0, "percent_covered_display": "100", "missing_lines": 0, "excluded_lines": 0, "percent_statements_covered": 100.0, "percent_statements_covered_display": "100"}, "missing_lines": [], "excluded_lines": [], "start_line": 10}, "ABTestResult": {"executed_lines": [], "summary": {"covered_lines": 0, "num_statements": 0, "percent_covered": 100.0, "percent_covered_display": "100", "missing_lines": 0, "excluded_lines": 0, "percent_statements_covered": 100.0, "percent_statements_covered_display": "100"}, "missing_lines": [], "excluded_lines": [], "start_line": 19}, "PromptABTest": {"executed_lines": [49, 50, 51, 52, 61, 62, 63, 67, 80, 83, 84, 85, 87, 96, 97, 100, 101, 103, 104, 106, 107, 108, 109, 111, 112, 113, 114, 116, 126, 130, 131, 135, 148, 150, 151, 160, 161, 162, 163, 165, 172, 181, 182, 183, 185, 186, 188, 189, 190, 191, 192, 193, 196, 197, 199, 203, 204, 205], "summary": {"covered_lines": 58, "num_statements": 66, "percent_covered": 87.87878787878788, "percent_covered_display": "88", "missing_lines": 8, "excluded_lines": 0, "percent_statements_covered": 87.87878787878788, "percent_statements_covered_display": "88"}, "missing_lines": [71, 81, 98, 127, 128, 139, 152, 158], "excluded_lines": [], "start_line": 31}, "ABTestManager": {"executed_lines": [215, 227, 231, 232, 233, 234], "summary": {"covered_lines": 6, "num_statements": 14, "percent_covered": 42.857142857142854, "percent_covered_display": "43", "missing_lines": 8, "excluded_lines": 0, "percent_statements_covered": 42.857142857142854, "percent_statements_covered_display": "43"}, "missing_lines": [228, 229, 238, 242, 246, 247, 248, 249], "excluded_lines": [], "start_line": 208}, "": {"executed_lines": [2, 3, 4, 6, 9, 10, 13, 14, 15, 18, 19, 22, 23, 24, 25, 26, 27, 28, 31, 42, 54, 65, 69, 73, 89, 118, 133, 137, 141, 174, 201, 208, 213, 217, 236, 240, 244, 253, 256, 259, 260, 261], "summary": {"covered_lines": 42, "num_statements": 42, "percent_covered": 100.0, "percent_covered_display": "100", "missing_lines": 0, "excluded_lines": 0, "percent_statements_covered": 100.0, "percent_statements_covered_display": "100"}, "missing_lines": [], "excluded_lines": [], "start_line": 1}}}, "src/utils/token_monitor.py": {"executed_lines": [2, 3, 4, 6, 9, 10, 12, 13, 14, 17, 20, 27, 28, 29, 30, 31, 33, 43, 44, 47, 48, 49, 55, 61, 66, 68, 70, 80, 83, 86, 87, 93, 94, 98, 100, 102, 103, 104, 106, 108, 109, 110, 112, 114, 137, 140, 143, 144, 145, 148], "summary": {"covered_lines": 50, "num_statements": 52, "percent_covered": 96.15384615384616, "percent_covered_display": "96", "missing_lines": 2, "excluded_lines": 0, "percent_statements_covered": 96.15384615384616, "percent_statements_covered_display": "96"}, "missing_lines": [81, 151], "excluded_lines": [], "functions": {"TokenMonitor.__init__": {"executed_lines": [27, 28, 29, 30, 31], "summary": {"covered_lines": 5, "num_statements": 5, "percent_covered": 100.0, "percent_covered_display": "100", "missing_lines": 0, "excluded_lines": 0, "percent_statements_covered": 100.0, "percent_statements_covered_display": "100"}, "missing_lines": [], "excluded_lines": [], "start_line": 20}, "TokenMonitor.record_usage": {"executed_lines": [43, 44, 47, 48, 49, 55, 61], "summary": {"covered_lines": 7, "num_statements": 7, "percent_covered": 100.0, "percent_covered_display": "100", "missing_lines": 0, "excluded_lines": 0, "percent_statements_covered": 100.0, "percent_statements_covered_display": "100"}, "missing_lines": [], "excluded_lines": [], "start_line": 33}, "TokenMonitor.get_usage_by_agent": {"executed_lines": [68], "summary": {"covered_lines": 1, "num_statements": 1, "percent_covered": 100.0, "percent_covered_display": "100", "missing_lines": 0, "excluded_lines": 0, "percent_statements_covered": 100.0, "percent_statements_covered_display": "100"}, "missing_lines": [], "excluded_lines": [], "start_line": 66}, "TokenMonitor.check_budget": {"executed_lines": [80, 83, 86, 87, 93, 94, 98], "summary": {"covered_lines": 7, "num_statements": 8, "percent_covered": 87.5, "percent_covered_display": "88", "missing_lines": 1, "excluded_lines": 0, "percent_statements_covered": 87.5, "percent_statements_covered_display": "88"}, "missing_lines": [81], "excluded_lines": [], "start_line": 70}, "TokenMonitor.get_remaining_budget": {"executed_lines": [102, 103, 104], "summary": {"covered_lines": 3, "num_statements": 3, "percent_covered": 100.0, "percent_covered_display": "100", "missing_lines": 0, "excluded_lines": 0, "percent_statements_covered": 100.0, "percent_statements_covered_display": "100"}, "missing_lines": [], "excluded_lines": [], "start_line": 100}, "TokenMonitor.reset": {"executed_lines": [108, 109, 110], "summary": {"covered_lines": 3, "num_statements": 3, "percent_covered": 100.0, "percent_covered_display": "100", "missing_lines": 0, "excluded_lines": 0, "percent_statements_covered": 100.0, "percent_statements_covered_display": "100"}, "missing_lines": [], "excluded_lines": [], "start_line": 106}, "TokenMonitor.get_usage_summary": {"executed_lines": [114], "summary": {"covered_lines": 1, "num_statements": 1, "percent_covered": 100.0, "percent_covered_display": "100", "missing_lines": 0, "excluded_lines": 0, "percent_statements_covered": 100.0, "percent_statements_covered_display": "100"}, "missing_lines": [], "excluded_lines": [], "start_line": 112}, "get_token_monitor": {"executed_lines": [143, 144, 145], "summary": {"covered_lines": 3, "num_statements": 3, "percent_covered": 100.0, "percent_covered_display": "100", "missing_lines": 0, "excluded_lines": 0, "percent_statements_covered": 100.0, "percent_statements_covered_display": "100"}, "missing_lines": [], "excluded_lines": [], "start_line": 140}, "set_token_monitor": {"executed_lines": [], "summary": {"covered_lines": 0, "num_statements": 1, "percent_covered": 0.0, "percent_covered_display": "0", "missing_lines": 1, "excluded_lines": 0, "percent_statements_covered": 0.0, "percent_statements_covered_display": "0"}, "missing_lines": [151], "excluded_lines": [], "start_line": 148}, "": {"executed_lines": [2, 3, 4, 6, 9, 10, 12, 13, 14, 17, 20, 33, 66, 70, 100, 106, 112, 137, 140, 148], "summary": {"covered_lines": 20, "num_statements": 20, "percent_covered": 100.0, "percent_covered_display": "100", "missing_lines": 0, "excluded_lines": 0, "percent_statements_covered": 100.0, "percent_statements_covered_display": "100"}, "missing_lines": [], "excluded_lines": [], "start_line": 1}}, "classes": {"TokenUsage": {"executed_lines": [], "summary": {"covered_lines": 0, "num_statements": 0, "percent_covered": 100.0, "percent_covered_display": "100", "missing_lines": 0, "excluded_lines": 0, "percent_statements_covered": 100.0, "percent_statements_covered_display": "100"}, "missing_lines": [], "excluded_lines": [], "start_line": 10}, "TokenMonitor": {"executed_lines": [27, 28, 29, 30, 31, 43, 44, 47, 48, 49, 55, 61, 68, 80, 83, 86, 87, 93, 94, 98, 102, 103, 104, 108, 109, 110, 114], "summary": {"covered_lines": 27, "num_statements": 28, "percent_covered": 96.42857142857143, "percent_covered_display": "96", "missing_lines": 1, "excluded_lines": 0, "percent_statements_covered": 96.42857142857143, "percent_statements_covered_display": "96"}, "missing_lines": [81], "excluded_lines": [], "start_line": 17}, "": {"executed_lines": [2, 3, 4, 6, 9, 10, 12, 13, 14, 17, 20, 33, 66, 70, 100, 106, 112, 137, 140, 143, 144, 145, 148], "summary": {"covered_lines": 23, "num_statements": 24, "percent_covered": 95.83333333333333, "percent_covered_display": "96", "missing_lines": 1, "excluded_lines": 0, "percent_statements_covered": 95.83333333333333, "percent_statements_covered_display": "96"}, "missing_lines": [151], "excluded_lines": [], "start_line": 1}}}}, "totals": {"covered_lines": 924, "num_statements": 1370, "percent_covered": 67.44525547445255, "percent_covered_display": "67", "missing_lines": 446, "excluded_lines": 0, "percent_statements_covered": 67.44525547445255, "percent_statements_covered_display": "67"}}